{"/Users/lucasgiuri/Desktop/beezy/app/next.config.js": {"path":"/Users/lucasgiuri/Desktop/beezy/app/next.config.js","statementMap":{"0":{"start":{"line":1,"column":19},"end":{"line":1,"column":41}},"1":{"start":{"line":3,"column":0},"end":{"line":55,"column":2}},"2":{"start":{"line":5,"column":4},"end":{"line":17,"column":6}},"3":{"start":{"line":19,"column":4},"end":{"line":27,"column":6}},"4":{"start":{"line":29,"column":4},"end":{"line":51,"column":6}},"5":{"start":{"line":53,"column":4},"end":{"line":53,"column":17}}},"fnMap":{"0":{"name":"(anonymous_0)","decl":{"start":{"line":4,"column":2},"end":{"line":4,"column":3}},"loc":{"start":{"line":4,"column":19},"end":{"line":54,"column":3}},"line":4}},"branchMap":{},"s":{"0":0,"1":0,"2":0,"3":0,"4":0,"5":0},"f":{"0":0},"b":{},"hash":"fdd128964f6149551572d5c9c6f11d5f686a5c96"}
,"/Users/lucasgiuri/Desktop/beezy/app/routes.js": {"path":"/Users/lucasgiuri/Desktop/beezy/app/routes.js","statementMap":{"0":{"start":{"line":1,"column":15},"end":{"line":1,"column":37}},"1":{"start":{"line":3,"column":0},"end":{"line":11,"column":40}}},"fnMap":{},"branchMap":{},"s":{"0":0,"1":0},"f":{},"b":{},"hash":"d7bf3ff7353cecee3e9eddcc5ea8145851402500"}
,"/Users/lucasgiuri/Desktop/beezy/app/server.js": {"path":"/Users/lucasgiuri/Desktop/beezy/app/server.js","statementMap":{"0":{"start":{"line":1,"column":13},"end":{"line":1,"column":28}},"1":{"start":{"line":2,"column":15},"end":{"line":2,"column":34}},"2":{"start":{"line":3,"column":12},"end":{"line":3,"column":62}},"3":{"start":{"line":5,"column":16},"end":{"line":5,"column":34}},"4":{"start":{"line":6,"column":0},"end":{"line":8,"column":2}},"5":{"start":{"line":7,"column":2},"end":{"line":7,"column":37}},"6":{"start":{"line":10,"column":16},"end":{"line":12,"column":2}},"7":{"start":{"line":11,"column":2},"end":{"line":11,"column":41}}},"fnMap":{"0":{"name":"(anonymous_0)","decl":{"start":{"line":6,"column":19},"end":{"line":6,"column":20}},"loc":{"start":{"line":6,"column":25},"end":{"line":8,"column":1}},"line":6},"1":{"name":"(anonymous_1)","decl":{"start":{"line":10,"column":46},"end":{"line":10,"column":47}},"loc":{"start":{"line":10,"column":76},"end":{"line":12,"column":1}},"line":10}},"branchMap":{},"s":{"0":0,"1":0,"2":0,"3":0,"4":0,"5":0,"6":0,"7":0},"f":{"0":0,"1":0},"b":{},"hash":"5af78add46a46cef44d0d9ad177a4569d5a8d9eb"}
,"/Users/lucasgiuri/Desktop/beezy/app/apis/services.js": {"path":"/Users/lucasgiuri/Desktop/beezy/app/apis/services.js","statementMap":{"0":{"start":{"line":3,"column":17},"end":{"line":3,"column":40}},"1":{"start":{"line":4,"column":19},"end":{"line":4,"column":39}},"2":{"start":{"line":5,"column":26},"end":{"line":5,"column":49}},"3":{"start":{"line":6,"column":18},"end":{"line":6,"column":37}},"4":{"start":{"line":7,"column":25},"end":{"line":7,"column":47}},"5":{"start":{"line":8,"column":20},"end":{"line":8,"column":41}},"6":{"start":{"line":9,"column":27},"end":{"line":9,"column":51}},"7":{"start":{"line":10,"column":21},"end":{"line":10,"column":43}},"8":{"start":{"line":11,"column":28},"end":{"line":11,"column":53}},"9":{"start":{"line":13,"column":31},"end":{"line":13,"column":105}},"10":{"start":{"line":13,"column":40},"end":{"line":13,"column":105}},"11":{"start":{"line":13,"column":91},"end":{"line":13,"column":104}},"12":{"start":{"line":14,"column":38},"end":{"line":14,"column":115}},"13":{"start":{"line":14,"column":48},"end":{"line":14,"column":115}},"14":{"start":{"line":14,"column":101},"end":{"line":14,"column":114}},"15":{"start":{"line":15,"column":28},"end":{"line":15,"column":89}},"16":{"start":{"line":15,"column":36},"end":{"line":15,"column":89}},"17":{"start":{"line":15,"column":80},"end":{"line":15,"column":88}},"18":{"start":{"line":16,"column":26},"end":{"line":16,"column":99}},"19":{"start":{"line":16,"column":35},"end":{"line":16,"column":99}},"20":{"start":{"line":16,"column":85},"end":{"line":16,"column":98}},"21":{"start":{"line":17,"column":33},"end":{"line":17,"column":109}},"22":{"start":{"line":17,"column":43},"end":{"line":17,"column":109}},"23":{"start":{"line":17,"column":95},"end":{"line":17,"column":108}},"24":{"start":{"line":18,"column":23},"end":{"line":18,"column":83}},"25":{"start":{"line":18,"column":31},"end":{"line":18,"column":83}},"26":{"start":{"line":18,"column":74},"end":{"line":18,"column":82}},"27":{"start":{"line":19,"column":28},"end":{"line":19,"column":103}},"28":{"start":{"line":19,"column":37},"end":{"line":19,"column":103}},"29":{"start":{"line":19,"column":89},"end":{"line":19,"column":102}},"30":{"start":{"line":20,"column":35},"end":{"line":20,"column":113}},"31":{"start":{"line":20,"column":45},"end":{"line":20,"column":113}},"32":{"start":{"line":20,"column":99},"end":{"line":20,"column":112}},"33":{"start":{"line":21,"column":25},"end":{"line":21,"column":87}},"34":{"start":{"line":21,"column":33},"end":{"line":21,"column":87}},"35":{"start":{"line":21,"column":78},"end":{"line":21,"column":86}},"36":{"start":{"line":22,"column":29},"end":{"line":22,"column":105}},"37":{"start":{"line":22,"column":38},"end":{"line":22,"column":105}},"38":{"start":{"line":22,"column":91},"end":{"line":22,"column":104}},"39":{"start":{"line":23,"column":36},"end":{"line":23,"column":115}},"40":{"start":{"line":23,"column":46},"end":{"line":23,"column":115}},"41":{"start":{"line":23,"column":101},"end":{"line":23,"column":114}},"42":{"start":{"line":24,"column":26},"end":{"line":24,"column":89}},"43":{"start":{"line":24,"column":34},"end":{"line":24,"column":89}},"44":{"start":{"line":24,"column":80},"end":{"line":24,"column":88}}},"fnMap":{"0":{"name":"(anonymous_0)","decl":{"start":{"line":13,"column":31},"end":{"line":13,"column":32}},"loc":{"start":{"line":13,"column":40},"end":{"line":13,"column":105}},"line":13},"1":{"name":"(anonymous_1)","decl":{"start":{"line":13,"column":79},"end":{"line":13,"column":80}},"loc":{"start":{"line":13,"column":91},"end":{"line":13,"column":104}},"line":13},"2":{"name":"(anonymous_2)","decl":{"start":{"line":14,"column":38},"end":{"line":14,"column":39}},"loc":{"start":{"line":14,"column":48},"end":{"line":14,"column":115}},"line":14},"3":{"name":"(anonymous_3)","decl":{"start":{"line":14,"column":89},"end":{"line":14,"column":90}},"loc":{"start":{"line":14,"column":101},"end":{"line":14,"column":114}},"line":14},"4":{"name":"(anonymous_4)","decl":{"start":{"line":15,"column":28},"end":{"line":15,"column":29}},"loc":{"start":{"line":15,"column":36},"end":{"line":15,"column":89}},"line":15},"5":{"name":"(anonymous_5)","decl":{"start":{"line":15,"column":68},"end":{"line":15,"column":69}},"loc":{"start":{"line":15,"column":80},"end":{"line":15,"column":88}},"line":15},"6":{"name":"(anonymous_6)","decl":{"start":{"line":16,"column":26},"end":{"line":16,"column":27}},"loc":{"start":{"line":16,"column":35},"end":{"line":16,"column":99}},"line":16},"7":{"name":"(anonymous_7)","decl":{"start":{"line":16,"column":73},"end":{"line":16,"column":74}},"loc":{"start":{"line":16,"column":85},"end":{"line":16,"column":98}},"line":16},"8":{"name":"(anonymous_8)","decl":{"start":{"line":17,"column":33},"end":{"line":17,"column":34}},"loc":{"start":{"line":17,"column":43},"end":{"line":17,"column":109}},"line":17},"9":{"name":"(anonymous_9)","decl":{"start":{"line":17,"column":83},"end":{"line":17,"column":84}},"loc":{"start":{"line":17,"column":95},"end":{"line":17,"column":108}},"line":17},"10":{"name":"(anonymous_10)","decl":{"start":{"line":18,"column":23},"end":{"line":18,"column":24}},"loc":{"start":{"line":18,"column":31},"end":{"line":18,"column":83}},"line":18},"11":{"name":"(anonymous_11)","decl":{"start":{"line":18,"column":62},"end":{"line":18,"column":63}},"loc":{"start":{"line":18,"column":74},"end":{"line":18,"column":82}},"line":18},"12":{"name":"(anonymous_12)","decl":{"start":{"line":19,"column":28},"end":{"line":19,"column":29}},"loc":{"start":{"line":19,"column":37},"end":{"line":19,"column":103}},"line":19},"13":{"name":"(anonymous_13)","decl":{"start":{"line":19,"column":77},"end":{"line":19,"column":78}},"loc":{"start":{"line":19,"column":89},"end":{"line":19,"column":102}},"line":19},"14":{"name":"(anonymous_14)","decl":{"start":{"line":20,"column":35},"end":{"line":20,"column":36}},"loc":{"start":{"line":20,"column":45},"end":{"line":20,"column":113}},"line":20},"15":{"name":"(anonymous_15)","decl":{"start":{"line":20,"column":87},"end":{"line":20,"column":88}},"loc":{"start":{"line":20,"column":99},"end":{"line":20,"column":112}},"line":20},"16":{"name":"(anonymous_16)","decl":{"start":{"line":21,"column":25},"end":{"line":21,"column":26}},"loc":{"start":{"line":21,"column":33},"end":{"line":21,"column":87}},"line":21},"17":{"name":"(anonymous_17)","decl":{"start":{"line":21,"column":66},"end":{"line":21,"column":67}},"loc":{"start":{"line":21,"column":78},"end":{"line":21,"column":86}},"line":21},"18":{"name":"(anonymous_18)","decl":{"start":{"line":22,"column":29},"end":{"line":22,"column":30}},"loc":{"start":{"line":22,"column":38},"end":{"line":22,"column":105}},"line":22},"19":{"name":"(anonymous_19)","decl":{"start":{"line":22,"column":79},"end":{"line":22,"column":80}},"loc":{"start":{"line":22,"column":91},"end":{"line":22,"column":104}},"line":22},"20":{"name":"(anonymous_20)","decl":{"start":{"line":23,"column":36},"end":{"line":23,"column":37}},"loc":{"start":{"line":23,"column":46},"end":{"line":23,"column":115}},"line":23},"21":{"name":"(anonymous_21)","decl":{"start":{"line":23,"column":89},"end":{"line":23,"column":90}},"loc":{"start":{"line":23,"column":101},"end":{"line":23,"column":114}},"line":23},"22":{"name":"(anonymous_22)","decl":{"start":{"line":24,"column":26},"end":{"line":24,"column":27}},"loc":{"start":{"line":24,"column":34},"end":{"line":24,"column":89}},"line":24},"23":{"name":"(anonymous_23)","decl":{"start":{"line":24,"column":68},"end":{"line":24,"column":69}},"loc":{"start":{"line":24,"column":80},"end":{"line":24,"column":88}},"line":24}},"branchMap":{"0":{"loc":{"start":{"line":13,"column":50},"end":{"line":13,"column":72}},"type":"cond-expr","locations":[{"start":{"line":13,"column":56},"end":{"line":13,"column":59}},{"start":{"line":13,"column":62},"end":{"line":13,"column":72}}],"line":13},"1":{"loc":{"start":{"line":16,"column":45},"end":{"line":16,"column":66}},"type":"cond-expr","locations":[{"start":{"line":16,"column":51},"end":{"line":16,"column":54}},{"start":{"line":16,"column":57},"end":{"line":16,"column":66}}],"line":16},"2":{"loc":{"start":{"line":19,"column":47},"end":{"line":19,"column":70}},"type":"cond-expr","locations":[{"start":{"line":19,"column":53},"end":{"line":19,"column":56}},{"start":{"line":19,"column":59},"end":{"line":19,"column":70}}],"line":19},"3":{"loc":{"start":{"line":22,"column":48},"end":{"line":22,"column":72}},"type":"cond-expr","locations":[{"start":{"line":22,"column":54},"end":{"line":22,"column":57}},{"start":{"line":22,"column":60},"end":{"line":22,"column":72}}],"line":22}},"s":{"0":0,"1":0,"2":0,"3":0,"4":0,"5":0,"6":0,"7":0,"8":0,"9":0,"10":0,"11":0,"12":0,"13":0,"14":0,"15":0,"16":0,"17":0,"18":0,"19":0,"20":0,"21":0,"22":0,"23":0,"24":0,"25":0,"26":0,"27":0,"28":0,"29":0,"30":0,"31":0,"32":0,"33":0,"34":0,"35":0,"36":0,"37":0,"38":0,"39":0,"40":0,"41":0,"42":0,"43":0,"44":0},"f":{"0":0,"1":0,"2":0,"3":0,"4":0,"5":0,"6":0,"7":0,"8":0,"9":0,"10":0,"11":0,"12":0,"13":0,"14":0,"15":0,"16":0,"17":0,"18":0,"19":0,"20":0,"21":0,"22":0,"23":0},"b":{"0":[0,0],"1":[0,0],"2":[0,0],"3":[0,0]},"hash":"4ac1f39127b5e55c90787441ca7e2384360c5e05"}
,"/Users/lucasgiuri/Desktop/beezy/app/components/Button/Button.js": {"path":"/Users/lucasgiuri/Desktop/beezy/app/components/Button/Button.js","statementMap":{"0":{"start":{"line":4,"column":15},"end":{"line":14,"column":1}},"1":{"start":{"line":5,"column":24},"end":{"line":9,"column":3}},"2":{"start":{"line":6,"column":4},"end":{"line":8,"column":5}},"3":{"start":{"line":7,"column":6},"end":{"line":7,"column":16}},"4":{"start":{"line":11,"column":2},"end":{"line":13,"column":3}},"5":{"start":{"line":16,"column":0},"end":{"line":20,"column":2}},"6":{"start":{"line":22,"column":0},"end":{"line":25,"column":2}}},"fnMap":{"0":{"name":"(anonymous_0)","decl":{"start":{"line":4,"column":15},"end":{"line":4,"column":16}},"loc":{"start":{"line":4,"column":48},"end":{"line":14,"column":1}},"line":4},"1":{"name":"(anonymous_1)","decl":{"start":{"line":5,"column":24},"end":{"line":5,"column":25}},"loc":{"start":{"line":5,"column":30},"end":{"line":9,"column":3}},"line":5},"2":{"name":"(anonymous_2)","decl":{"start":{"line":24,"column":11},"end":{"line":24,"column":12}},"loc":{"start":{"line":24,"column":17},"end":{"line":24,"column":19}},"line":24}},"branchMap":{"0":{"loc":{"start":{"line":6,"column":4},"end":{"line":8,"column":5}},"type":"if","locations":[{"start":{"line":6,"column":4},"end":{"line":8,"column":5}},{"start":{"line":6,"column":4},"end":{"line":8,"column":5}}],"line":6}},"s":{"0":2,"1":15,"2":4,"3":2,"4":15,"5":2,"6":2},"f":{"0":15,"1":4,"2":0},"b":{"0":[2,2]},"_coverageSchema":"43e27e138ebf9cfc5966b082cf9a028302ed4184","hash":"8ac66fe31240b5b9b75e8c6c10289ab80550a759"}
,"/Users/lucasgiuri/Desktop/beezy/app/components/Button/Button.stories.js": {"path":"/Users/lucasgiuri/Desktop/beezy/app/components/Button/Button.stories.js","statementMap":{"0":{"start":{"line":5,"column":13},"end":{"line":5,"column":21}},"1":{"start":{"line":7,"column":0},"end":{"line":13,"column":4}},"2":{"start":{"line":9,"column":4},"end":{"line":9,"column":26}},"3":{"start":{"line":12,"column":4},"end":{"line":12,"column":44}}},"fnMap":{"0":{"name":"(anonymous_0)","decl":{"start":{"line":8,"column":25},"end":{"line":8,"column":26}},"loc":{"start":{"line":9,"column":4},"end":{"line":9,"column":26}},"line":9},"1":{"name":"(anonymous_1)","decl":{"start":{"line":11,"column":26},"end":{"line":11,"column":27}},"loc":{"start":{"line":12,"column":4},"end":{"line":12,"column":44}},"line":12}},"branchMap":{},"s":{"0":0,"1":0,"2":0,"3":0},"f":{"0":0,"1":0},"b":{},"hash":"a44c8d18b9c987bd7902691681bd8efa5fc21467"}
,"/Users/lucasgiuri/Desktop/beezy/app/components/Button/Button.styles.js": {"path":"/Users/lucasgiuri/Desktop/beezy/app/components/Button/Button.styles.js","statementMap":{"0":{"start":{"line":5,"column":19},"end":{"line":21,"column":1}},"1":{"start":{"line":7,"column":20},"end":{"line":7,"column":55}},"2":{"start":{"line":8,"column":21},"end":{"line":8,"column":61}},"3":{"start":{"line":9,"column":27},"end":{"line":9,"column":62}}},"fnMap":{"0":{"name":"(anonymous_0)","decl":{"start":{"line":7,"column":11},"end":{"line":7,"column":12}},"loc":{"start":{"line":7,"column":20},"end":{"line":7,"column":55}},"line":7},"1":{"name":"(anonymous_1)","decl":{"start":{"line":8,"column":12},"end":{"line":8,"column":13}},"loc":{"start":{"line":8,"column":21},"end":{"line":8,"column":61}},"line":8},"2":{"name":"(anonymous_2)","decl":{"start":{"line":9,"column":18},"end":{"line":9,"column":19}},"loc":{"start":{"line":9,"column":27},"end":{"line":9,"column":62}},"line":9}},"branchMap":{"0":{"loc":{"start":{"line":7,"column":20},"end":{"line":7,"column":55}},"type":"cond-expr","locations":[{"start":{"line":7,"column":39},"end":{"line":7,"column":47}},{"start":{"line":7,"column":50},"end":{"line":7,"column":55}}],"line":7},"1":{"loc":{"start":{"line":8,"column":21},"end":{"line":8,"column":61}},"type":"cond-expr","locations":[{"start":{"line":8,"column":40},"end":{"line":8,"column":49}},{"start":{"line":8,"column":52},"end":{"line":8,"column":61}}],"line":8},"2":{"loc":{"start":{"line":9,"column":27},"end":{"line":9,"column":62}},"type":"cond-expr","locations":[{"start":{"line":9,"column":46},"end":{"line":9,"column":54}},{"start":{"line":9,"column":57},"end":{"line":9,"column":62}}],"line":9}},"s":{"0":2,"1":15,"2":15,"3":15},"f":{"0":15,"1":15,"2":15},"b":{"0":[7,8],"1":[7,8],"2":[7,8]},"_coverageSchema":"43e27e138ebf9cfc5966b082cf9a028302ed4184","hash":"835c8f1330e7b2f65d85540da9ce5abbd49cb596"}
,"/Users/lucasgiuri/Desktop/beezy/app/components/Header/Header.js": {"path":"/Users/lucasgiuri/Desktop/beezy/app/components/Header/Header.js","statementMap":{"0":{"start":{"line":6,"column":15},"end":{"line":13,"column":1}},"1":{"start":{"line":7,"column":2},"end":{"line":12,"column":20}}},"fnMap":{"0":{"name":"(anonymous_0)","decl":{"start":{"line":6,"column":15},"end":{"line":6,"column":16}},"loc":{"start":{"line":7,"column":2},"end":{"line":12,"column":20}},"line":7}},"branchMap":{},"s":{"0":1,"1":1},"f":{"0":1},"b":{},"_coverageSchema":"43e27e138ebf9cfc5966b082cf9a028302ed4184","hash":"37d6f1668525f22d687ccc5c0b9456764a3960a7"}
,"/Users/lucasgiuri/Desktop/beezy/app/components/Header/Header.stories.js": {"path":"/Users/lucasgiuri/Desktop/beezy/app/components/Header/Header.stories.js","statementMap":{"0":{"start":{"line":5,"column":0},"end":{"line":8,"column":4}},"1":{"start":{"line":7,"column":4},"end":{"line":7,"column":34}}},"fnMap":{"0":{"name":"(anonymous_0)","decl":{"start":{"line":6,"column":25},"end":{"line":6,"column":26}},"loc":{"start":{"line":7,"column":4},"end":{"line":7,"column":34}},"line":7}},"branchMap":{},"s":{"0":0,"1":0},"f":{"0":0},"b":{},"hash":"f203db8900cfe6532403f26db558db1be801937c"}
,"/Users/lucasgiuri/Desktop/beezy/app/components/Header/Header.styles.js": {"path":"/Users/lucasgiuri/Desktop/beezy/app/components/Header/Header.styles.js","statementMap":{"0":{"start":{"line":4,"column":31},"end":{"line":10,"column":1}},"1":{"start":{"line":12,"column":19},"end":{"line":17,"column":1}}},"fnMap":{},"branchMap":{},"s":{"0":1,"1":1},"f":{},"b":{},"_coverageSchema":"43e27e138ebf9cfc5966b082cf9a028302ed4184","hash":"39af4b0c65ee63e0699f12aecf0310a0b57fa145"}
,"/Users/lucasgiuri/Desktop/beezy/app/components/Image/Image.js": {"path":"/Users/lucasgiuri/Desktop/beezy/app/components/Image/Image.js","statementMap":{"0":{"start":{"line":4,"column":14},"end":{"line":6,"column":1}},"1":{"start":{"line":5,"column":2},"end":{"line":5,"column":63}},"2":{"start":{"line":8,"column":0},"end":{"line":13,"column":2}},"3":{"start":{"line":15,"column":0},"end":{"line":18,"column":2}}},"fnMap":{"0":{"name":"(anonymous_0)","decl":{"start":{"line":4,"column":14},"end":{"line":4,"column":15}},"loc":{"start":{"line":5,"column":2},"end":{"line":5,"column":63}},"line":5},"1":{"name":"(anonymous_1)","decl":{"start":{"line":17,"column":11},"end":{"line":17,"column":12}},"loc":{"start":{"line":17,"column":17},"end":{"line":17,"column":19}},"line":17}},"branchMap":{},"s":{"0":2,"1":4,"2":2,"3":2},"f":{"0":4,"1":0},"b":{},"_coverageSchema":"43e27e138ebf9cfc5966b082cf9a028302ed4184","hash":"12b8e301b7c77d978e6507e79e0832c73269c199"}
,"/Users/lucasgiuri/Desktop/beezy/app/components/Image/Image.stories.js": {"path":"/Users/lucasgiuri/Desktop/beezy/app/components/Image/Image.stories.js","statementMap":{"0":{"start":{"line":5,"column":0},"end":{"line":17,"column":4}},"1":{"start":{"line":7,"column":16},"end":{"line":7,"column":65}},"2":{"start":{"line":8,"column":16},"end":{"line":8,"column":21}},"3":{"start":{"line":9,"column":4},"end":{"line":9,"column":40}},"4":{"start":{"line":13,"column":20},"end":{"line":13,"column":34}},"5":{"start":{"line":14,"column":16},"end":{"line":14,"column":65}},"6":{"start":{"line":15,"column":16},"end":{"line":15,"column":21}},"7":{"start":{"line":16,"column":4},"end":{"line":16,"column":54}}},"fnMap":{"0":{"name":"(anonymous_0)","decl":{"start":{"line":6,"column":24},"end":{"line":6,"column":25}},"loc":{"start":{"line":6,"column":30},"end":{"line":10,"column":3}},"line":6},"1":{"name":"(anonymous_1)","decl":{"start":{"line":12,"column":33},"end":{"line":12,"column":34}},"loc":{"start":{"line":12,"column":39},"end":{"line":17,"column":3}},"line":12}},"branchMap":{},"s":{"0":0,"1":0,"2":0,"3":0,"4":0,"5":0,"6":0,"7":0},"f":{"0":0,"1":0},"b":{},"hash":"e93b3351c95a5d04e6b0c58578c96435bb8ec9f1"}
,"/Users/lucasgiuri/Desktop/beezy/app/components/Image/Image.styles.js": {"path":"/Users/lucasgiuri/Desktop/beezy/app/components/Image/Image.styles.js","statementMap":{"0":{"start":{"line":3,"column":19},"end":{"line":7,"column":1}},"1":{"start":{"line":6,"column":20},"end":{"line":6,"column":51}}},"fnMap":{"0":{"name":"(anonymous_0)","decl":{"start":{"line":6,"column":11},"end":{"line":6,"column":12}},"loc":{"start":{"line":6,"column":20},"end":{"line":6,"column":51}},"line":6}},"branchMap":{"0":{"loc":{"start":{"line":6,"column":20},"end":{"line":6,"column":51}},"type":"cond-expr","locations":[{"start":{"line":6,"column":35},"end":{"line":6,"column":42}},{"start":{"line":6,"column":44},"end":{"line":6,"column":51}}],"line":6}},"s":{"0":2,"1":4},"f":{"0":4},"b":{"0":[2,2]},"_coverageSchema":"43e27e138ebf9cfc5966b082cf9a028302ed4184","hash":"f65ebdf9ce506e6a39be61aa5b05f42a98a11b38"}
,"/Users/lucasgiuri/Desktop/beezy/app/components/InputSearch/InputSearch.js": {"path":"/Users/lucasgiuri/Desktop/beezy/app/components/InputSearch/InputSearch.js","statementMap":{"0":{"start":{"line":6,"column":20},"end":{"line":35,"column":1}},"1":{"start":{"line":7,"column":44},"end":{"line":7,"column":58}},"2":{"start":{"line":8,"column":40},"end":{"line":8,"column":52}},"3":{"start":{"line":10,"column":19},"end":{"line":14,"column":3}},"4":{"start":{"line":11,"column":22},"end":{"line":11,"column":30}},"5":{"start":{"line":12,"column":4},"end":{"line":12,"column":25}},"6":{"start":{"line":13,"column":4},"end":{"line":13,"column":55}},"7":{"start":{"line":16,"column":24},"end":{"line":18,"column":3}},"8":{"start":{"line":17,"column":4},"end":{"line":17,"column":25}},"9":{"start":{"line":20,"column":23},"end":{"line":24,"column":3}},"10":{"start":{"line":21,"column":4},"end":{"line":21,"column":22}},"11":{"start":{"line":22,"column":4},"end":{"line":22,"column":28}},"12":{"start":{"line":23,"column":4},"end":{"line":23,"column":14}},"13":{"start":{"line":26,"column":2},"end":{"line":34,"column":3}},"14":{"start":{"line":37,"column":0},"end":{"line":41,"column":2}},"15":{"start":{"line":43,"column":0},"end":{"line":47,"column":2}}},"fnMap":{"0":{"name":"(anonymous_0)","decl":{"start":{"line":6,"column":20},"end":{"line":6,"column":21}},"loc":{"start":{"line":6,"column":58},"end":{"line":35,"column":1}},"line":6},"1":{"name":"(anonymous_1)","decl":{"start":{"line":10,"column":19},"end":{"line":10,"column":20}},"loc":{"start":{"line":10,"column":26},"end":{"line":14,"column":3}},"line":10},"2":{"name":"(anonymous_2)","decl":{"start":{"line":16,"column":24},"end":{"line":16,"column":25}},"loc":{"start":{"line":16,"column":30},"end":{"line":18,"column":3}},"line":16},"3":{"name":"(anonymous_3)","decl":{"start":{"line":20,"column":23},"end":{"line":20,"column":24}},"loc":{"start":{"line":20,"column":29},"end":{"line":24,"column":3}},"line":20},"4":{"name":"(anonymous_4)","decl":{"start":{"line":45,"column":12},"end":{"line":45,"column":13}},"loc":{"start":{"line":45,"column":18},"end":{"line":45,"column":20}},"line":45},"5":{"name":"(anonymous_5)","decl":{"start":{"line":46,"column":11},"end":{"line":46,"column":12}},"loc":{"start":{"line":46,"column":17},"end":{"line":46,"column":19}},"line":46}},"branchMap":{"0":{"loc":{"start":{"line":13,"column":22},"end":{"line":13,"column":53}},"type":"cond-expr","locations":[{"start":{"line":13,"column":41},"end":{"line":13,"column":46}},{"start":{"line":13,"column":49},"end":{"line":13,"column":53}}],"line":13}},"s":{"0":0,"1":0,"2":0,"3":0,"4":0,"5":0,"6":0,"7":0,"8":0,"9":0,"10":0,"11":0,"12":0,"13":0,"14":0,"15":0},"f":{"0":0,"1":0,"2":0,"3":0,"4":0,"5":0},"b":{"0":[0,0]},"hash":"d1bf6576ea05e5c24cb7ace8adfd52717cf9d608"}
,"/Users/lucasgiuri/Desktop/beezy/app/components/InputSearch/InputSearch.styles.js": {"path":"/Users/lucasgiuri/Desktop/beezy/app/components/InputSearch/InputSearch.styles.js","statementMap":{"0":{"start":{"line":4,"column":31},"end":{"line":19,"column":1}},"1":{"start":{"line":21,"column":21},"end":{"line":33,"column":1}},"2":{"start":{"line":35,"column":31},"end":{"line":46,"column":1}}},"fnMap":{},"branchMap":{},"s":{"0":0,"1":0,"2":0},"f":{},"b":{},"hash":"ab9024c7da2df6e312a123e6da53514336514cae"}
,"/Users/lucasgiuri/Desktop/beezy/app/components/Item/Item.js": {"path":"/Users/lucasgiuri/Desktop/beezy/app/components/Item/Item.js","statementMap":{"0":{"start":{"line":4,"column":13},"end":{"line":4,"column":70}},"1":{"start":{"line":4,"column":29},"end":{"line":4,"column":70}},"2":{"start":{"line":6,"column":0},"end":{"line":8,"column":2}}},"fnMap":{"0":{"name":"(anonymous_0)","decl":{"start":{"line":4,"column":13},"end":{"line":4,"column":14}},"loc":{"start":{"line":4,"column":29},"end":{"line":4,"column":70}},"line":4}},"branchMap":{},"s":{"0":2,"1":7,"2":2},"f":{"0":7},"b":{},"_coverageSchema":"43e27e138ebf9cfc5966b082cf9a028302ed4184","hash":"6493447b467c629ae3a55a6b72a5a16860f7ff91"}
,"/Users/lucasgiuri/Desktop/beezy/app/components/Item/Item.stories.js": {"path":"/Users/lucasgiuri/Desktop/beezy/app/components/Item/Item.stories.js","statementMap":{"0":{"start":{"line":5,"column":0},"end":{"line":8,"column":4}},"1":{"start":{"line":7,"column":4},"end":{"line":7,"column":30}}},"fnMap":{"0":{"name":"(anonymous_0)","decl":{"start":{"line":6,"column":23},"end":{"line":6,"column":24}},"loc":{"start":{"line":7,"column":4},"end":{"line":7,"column":30}},"line":7}},"branchMap":{},"s":{"0":0,"1":0},"f":{"0":0},"b":{},"hash":"de34b09efc35a55692d9fe9c97db5d5f8da11a23"}
,"/Users/lucasgiuri/Desktop/beezy/app/components/Item/Item.styles.js": {"path":"/Users/lucasgiuri/Desktop/beezy/app/components/Item/Item.styles.js","statementMap":{"0":{"start":{"line":4,"column":29},"end":{"line":17,"column":1}}},"fnMap":{},"branchMap":{},"s":{"0":2},"f":{},"b":{},"_coverageSchema":"43e27e138ebf9cfc5966b082cf9a028302ed4184","hash":"52b05c136cd9ced0980ad35c7ac016fa8f27cd0a"}
,"/Users/lucasgiuri/Desktop/beezy/app/components/List/List.js": {"path":"/Users/lucasgiuri/Desktop/beezy/app/components/List/List.js","statementMap":{"0":{"start":{"line":7,"column":13},"end":{"line":28,"column":1}},"1":{"start":{"line":8,"column":22},"end":{"line":8,"column":43}},"2":{"start":{"line":9,"column":21},"end":{"line":9,"column":43}},"3":{"start":{"line":11,"column":2},"end":{"line":27,"column":3}},"4":{"start":{"line":15,"column":24},"end":{"line":15,"column":72}},"5":{"start":{"line":16,"column":21},"end":{"line":16,"column":63}},"6":{"start":{"line":18,"column":10},"end":{"line":22,"column":11}},"7":{"start":{"line":30,"column":0},"end":{"line":37,"column":2}}},"fnMap":{"0":{"name":"(anonymous_0)","decl":{"start":{"line":7,"column":13},"end":{"line":7,"column":14}},"loc":{"start":{"line":7,"column":44},"end":{"line":28,"column":1}},"line":7},"1":{"name":"(anonymous_1)","decl":{"start":{"line":14,"column":17},"end":{"line":14,"column":18}},"loc":{"start":{"line":14,"column":25},"end":{"line":23,"column":9}},"line":14}},"branchMap":{"0":{"loc":{"start":{"line":13,"column":7},"end":{"line":24,"column":46}},"type":"cond-expr","locations":[{"start":{"line":14,"column":8},"end":{"line":23,"column":10}},{"start":{"line":24,"column":8},"end":{"line":24,"column":46}}],"line":13},"1":{"loc":{"start":{"line":20,"column":21},"end":{"line":20,"column":55}},"type":"cond-expr","locations":[{"start":{"line":20,"column":33},"end":{"line":20,"column":42}},{"start":{"line":20,"column":45},"end":{"line":20,"column":55}}],"line":20}},"s":{"0":1,"1":3,"2":3,"3":3,"4":6,"5":6,"6":6,"7":1},"f":{"0":3,"1":6},"b":{"0":[3,0],"1":[3,3]},"_coverageSchema":"43e27e138ebf9cfc5966b082cf9a028302ed4184","hash":"83463f712c762fc36bc9063e7c023c5dacca0d8d"}
,"/Users/lucasgiuri/Desktop/beezy/app/components/List/List.stories.js": {"path":"/Users/lucasgiuri/Desktop/beezy/app/components/List/List.stories.js","statementMap":{"0":{"start":{"line":5,"column":20},"end":{"line":5,"column":66}},"1":{"start":{"line":7,"column":0},"end":{"line":13,"column":4}},"2":{"start":{"line":9,"column":4},"end":{"line":9,"column":21}},"3":{"start":{"line":12,"column":4},"end":{"line":12,"column":30}}},"fnMap":{"0":{"name":"(anonymous_0)","decl":{"start":{"line":8,"column":39},"end":{"line":8,"column":40}},"loc":{"start":{"line":9,"column":4},"end":{"line":9,"column":21}},"line":9},"1":{"name":"(anonymous_1)","decl":{"start":{"line":11,"column":42},"end":{"line":11,"column":43}},"loc":{"start":{"line":12,"column":4},"end":{"line":12,"column":30}},"line":12}},"branchMap":{},"s":{"0":0,"1":0,"2":0,"3":0},"f":{"0":0,"1":0},"b":{},"hash":"1668f6c6fcd23e323ee702d95fdcb1e9d8e93b47"}
,"/Users/lucasgiuri/Desktop/beezy/app/components/List/List.styles.js": {"path":"/Users/lucasgiuri/Desktop/beezy/app/components/List/List.styles.js","statementMap":{"0":{"start":{"line":4,"column":20},"end":{"line":9,"column":1}}},"fnMap":{},"branchMap":{},"s":{"0":1},"f":{},"b":{},"_coverageSchema":"43e27e138ebf9cfc5966b082cf9a028302ed4184","hash":"8d415513d2ee26c197b0e93774abeba3b1ad276c"}
,"/Users/lucasgiuri/Desktop/beezy/app/components/Menu/Menu.js": {"path":"/Users/lucasgiuri/Desktop/beezy/app/components/Menu/Menu.js","statementMap":{"0":{"start":{"line":5,"column":13},"end":{"line":20,"column":1}},"1":{"start":{"line":6,"column":2},"end":{"line":19,"column":8}},"2":{"start":{"line":9,"column":36},"end":{"line":9,"column":40}},"3":{"start":{"line":10,"column":8},"end":{"line":16,"column":9}},"4":{"start":{"line":22,"column":0},"end":{"line":25,"column":2}},"5":{"start":{"line":27,"column":0},"end":{"line":29,"column":2}}},"fnMap":{"0":{"name":"(anonymous_0)","decl":{"start":{"line":5,"column":13},"end":{"line":5,"column":14}},"loc":{"start":{"line":6,"column":2},"end":{"line":19,"column":8}},"line":6},"1":{"name":"(anonymous_1)","decl":{"start":{"line":8,"column":16},"end":{"line":8,"column":17}},"loc":{"start":{"line":8,"column":24},"end":{"line":17,"column":7}},"line":8}},"branchMap":{},"s":{"0":1,"1":1,"2":4,"3":4,"4":1,"5":1},"f":{"0":1,"1":4},"b":{},"_coverageSchema":"43e27e138ebf9cfc5966b082cf9a028302ed4184","hash":"53090a95750eb87668fa13610419eb7d5efcaf17"}
,"/Users/lucasgiuri/Desktop/beezy/app/components/Menu/Menu.stories.js": {"path":"/Users/lucasgiuri/Desktop/beezy/app/components/Menu/Menu.stories.js","statementMap":{"0":{"start":{"line":5,"column":13},"end":{"line":24,"column":2}},"1":{"start":{"line":26,"column":20},"end":{"line":26,"column":23}},"2":{"start":{"line":28,"column":0},"end":{"line":31,"column":4}},"3":{"start":{"line":30,"column":4},"end":{"line":30,"column":50}}},"fnMap":{"0":{"name":"(anonymous_0)","decl":{"start":{"line":29,"column":23},"end":{"line":29,"column":24}},"loc":{"start":{"line":30,"column":4},"end":{"line":30,"column":50}},"line":30}},"branchMap":{},"s":{"0":0,"1":0,"2":0,"3":0},"f":{"0":0},"b":{},"hash":"d08216a65ecc2d75e2b27daadc83f8a8d19fff16"}
,"/Users/lucasgiuri/Desktop/beezy/app/components/Menu/Menu.styles.js": {"path":"/Users/lucasgiuri/Desktop/beezy/app/components/Menu/Menu.styles.js","statementMap":{"0":{"start":{"line":4,"column":19},"end":{"line":7,"column":1}},"1":{"start":{"line":9,"column":18},"end":{"line":13,"column":1}},"2":{"start":{"line":15,"column":18},"end":{"line":22,"column":1}},"3":{"start":{"line":20,"column":38},"end":{"line":20,"column":73}}},"fnMap":{"0":{"name":"(anonymous_0)","decl":{"start":{"line":20,"column":29},"end":{"line":20,"column":30}},"loc":{"start":{"line":20,"column":38},"end":{"line":20,"column":73}},"line":20}},"branchMap":{"0":{"loc":{"start":{"line":20,"column":38},"end":{"line":20,"column":73}},"type":"cond-expr","locations":[{"start":{"line":20,"column":55},"end":{"line":20,"column":62}},{"start":{"line":20,"column":64},"end":{"line":20,"column":73}}],"line":20}},"s":{"0":1,"1":1,"2":1,"3":4},"f":{"0":4},"b":{"0":[1,3]},"_coverageSchema":"43e27e138ebf9cfc5966b082cf9a028302ed4184","hash":"ec4288b7ea5b5e7c8fe16bf386fa1c7294bdf922"}
,"/Users/lucasgiuri/Desktop/beezy/app/components/NavLink/NavLink.js": {"path":"/Users/lucasgiuri/Desktop/beezy/app/components/NavLink/NavLink.js","statementMap":{"0":{"start":{"line":5,"column":16},"end":{"line":11,"column":1}},"1":{"start":{"line":6,"column":1},"end":{"line":10,"column":8}},"2":{"start":{"line":13,"column":0},"end":{"line":17,"column":2}}},"fnMap":{"0":{"name":"(anonymous_0)","decl":{"start":{"line":5,"column":16},"end":{"line":5,"column":17}},"loc":{"start":{"line":6,"column":1},"end":{"line":10,"column":8}},"line":6}},"branchMap":{},"s":{"0":4,"1":12,"2":4},"f":{"0":12},"b":{},"_coverageSchema":"43e27e138ebf9cfc5966b082cf9a028302ed4184","hash":"da3527f181f81ad60b1c6f7276f0ed2ad58a3e5c"}
,"/Users/lucasgiuri/Desktop/beezy/app/components/NavLink/NavLink.styles.js": {"path":"/Users/lucasgiuri/Desktop/beezy/app/components/NavLink/NavLink.styles.js","statementMap":{"0":{"start":{"line":3,"column":17},"end":{"line":7,"column":1}}},"fnMap":{},"branchMap":{},"s":{"0":4},"f":{},"b":{},"_coverageSchema":"43e27e138ebf9cfc5966b082cf9a028302ed4184","hash":"28bde8f49a9dd54f7bbaee7c4024cf070430b42d"}
,"/Users/lucasgiuri/Desktop/beezy/app/components/Pagination/Pagination.js": {"path":"/Users/lucasgiuri/Desktop/beezy/app/components/Pagination/Pagination.js","statementMap":{"0":{"start":{"line":6,"column":19},"end":{"line":16,"column":1}},"1":{"start":{"line":7,"column":2},"end":{"line":15,"column":24}},"2":{"start":{"line":18,"column":0},"end":{"line":30,"column":2}},"3":{"start":{"line":32,"column":0},"end":{"line":37,"column":2}}},"fnMap":{"0":{"name":"(anonymous_0)","decl":{"start":{"line":6,"column":19},"end":{"line":6,"column":20}},"loc":{"start":{"line":7,"column":2},"end":{"line":15,"column":24}},"line":7},"1":{"name":"(anonymous_1)","decl":{"start":{"line":35,"column":15},"end":{"line":35,"column":16}},"loc":{"start":{"line":35,"column":21},"end":{"line":35,"column":23}},"line":35},"2":{"name":"(anonymous_2)","decl":{"start":{"line":36,"column":15},"end":{"line":36,"column":16}},"loc":{"start":{"line":36,"column":21},"end":{"line":36,"column":23}},"line":36}},"branchMap":{},"s":{"0":1,"1":6,"2":1,"3":1},"f":{"0":6,"1":0,"2":0},"b":{},"_coverageSchema":"43e27e138ebf9cfc5966b082cf9a028302ed4184","hash":"6c3a1370f89b3ed95888d25a7ff67c55d344f2a8"}
,"/Users/lucasgiuri/Desktop/beezy/app/components/Pagination/Pagination.styles.js": {"path":"/Users/lucasgiuri/Desktop/beezy/app/components/Pagination/Pagination.styles.js","statementMap":{"0":{"start":{"line":4,"column":35},"end":{"line":18,"column":1}},"1":{"start":{"line":20,"column":30},"end":{"line":28,"column":1}},"2":{"start":{"line":30,"column":31},"end":{"line":41,"column":1}}},"fnMap":{},"branchMap":{},"s":{"0":1,"1":1,"2":1},"f":{},"b":{},"_coverageSchema":"43e27e138ebf9cfc5966b082cf9a028302ed4184","hash":"e9bb72f195a996f43cfd831feff3f28a423c6429"}
,"/Users/lucasgiuri/Desktop/beezy/app/components/Title/Title.js": {"path":"/Users/lucasgiuri/Desktop/beezy/app/components/Title/Title.js","statementMap":{"0":{"start":{"line":4,"column":14},"end":{"line":6,"column":1}},"1":{"start":{"line":5,"column":2},"end":{"line":5,"column":75}},"2":{"start":{"line":8,"column":0},"end":{"line":13,"column":2}},"3":{"start":{"line":15,"column":0},"end":{"line":19,"column":2}}},"fnMap":{"0":{"name":"(anonymous_0)","decl":{"start":{"line":4,"column":14},"end":{"line":4,"column":15}},"loc":{"start":{"line":5,"column":2},"end":{"line":5,"column":75}},"line":5}},"branchMap":{},"s":{"0":3,"1":14,"2":3,"3":3},"f":{"0":14},"b":{},"_coverageSchema":"43e27e138ebf9cfc5966b082cf9a028302ed4184","hash":"a7696fe11dca8cb762221ded89410090e50386ca"}
,"/Users/lucasgiuri/Desktop/beezy/app/components/Title/Title.stories.js": {"path":"/Users/lucasgiuri/Desktop/beezy/app/components/Title/Title.stories.js","statementMap":{"0":{"start":{"line":5,"column":14},"end":{"line":5,"column":21}},"1":{"start":{"line":7,"column":0},"end":{"line":38,"column":4}},"2":{"start":{"line":9,"column":4},"end":{"line":9,"column":26}},"3":{"start":{"line":13,"column":4},"end":{"line":13,"column":42}},"4":{"start":{"line":17,"column":4},"end":{"line":17,"column":40}},"5":{"start":{"line":21,"column":4},"end":{"line":21,"column":41}},"6":{"start":{"line":25,"column":4},"end":{"line":25,"column":56}},"7":{"start":{"line":29,"column":4},"end":{"line":29,"column":57}},"8":{"start":{"line":33,"column":4},"end":{"line":33,"column":55}},"9":{"start":{"line":37,"column":4},"end":{"line":37,"column":71}}},"fnMap":{"0":{"name":"(anonymous_0)","decl":{"start":{"line":8,"column":24},"end":{"line":8,"column":25}},"loc":{"start":{"line":9,"column":4},"end":{"line":9,"column":26}},"line":9},"1":{"name":"(anonymous_1)","decl":{"start":{"line":12,"column":25},"end":{"line":12,"column":26}},"loc":{"start":{"line":13,"column":4},"end":{"line":13,"column":42}},"line":13},"2":{"name":"(anonymous_2)","decl":{"start":{"line":16,"column":22},"end":{"line":16,"column":23}},"loc":{"start":{"line":17,"column":4},"end":{"line":17,"column":40}},"line":17},"3":{"name":"(anonymous_3)","decl":{"start":{"line":20,"column":24},"end":{"line":20,"column":25}},"loc":{"start":{"line":21,"column":4},"end":{"line":21,"column":41}},"line":21},"4":{"name":"(anonymous_4)","decl":{"start":{"line":24,"column":36},"end":{"line":24,"column":37}},"loc":{"start":{"line":25,"column":4},"end":{"line":25,"column":56}},"line":25},"5":{"name":"(anonymous_5)","decl":{"start":{"line":28,"column":37},"end":{"line":28,"column":38}},"loc":{"start":{"line":29,"column":4},"end":{"line":29,"column":57}},"line":29},"6":{"name":"(anonymous_6)","decl":{"start":{"line":32,"column":35},"end":{"line":32,"column":36}},"loc":{"start":{"line":33,"column":4},"end":{"line":33,"column":55}},"line":33},"7":{"name":"(anonymous_7)","decl":{"start":{"line":36,"column":45},"end":{"line":36,"column":46}},"loc":{"start":{"line":37,"column":4},"end":{"line":37,"column":71}},"line":37}},"branchMap":{},"s":{"0":0,"1":0,"2":0,"3":0,"4":0,"5":0,"6":0,"7":0,"8":0,"9":0},"f":{"0":0,"1":0,"2":0,"3":0,"4":0,"5":0,"6":0,"7":0},"b":{},"hash":"648729b33bb99f3027a869240d533224bf8af890"}
,"/Users/lucasgiuri/Desktop/beezy/app/components/Title/Title.styles.js": {"path":"/Users/lucasgiuri/Desktop/beezy/app/components/Title/Title.styles.js","statementMap":{"0":{"start":{"line":4,"column":20},"end":{"line":13,"column":1}},"1":{"start":{"line":5,"column":29},"end":{"line":5,"column":56}},"2":{"start":{"line":10,"column":24},"end":{"line":10,"column":54}},"3":{"start":{"line":11,"column":25},"end":{"line":11,"column":59}},"4":{"start":{"line":12,"column":26},"end":{"line":12,"column":58}}},"fnMap":{"0":{"name":"(anonymous_0)","decl":{"start":{"line":5,"column":20},"end":{"line":5,"column":21}},"loc":{"start":{"line":5,"column":29},"end":{"line":5,"column":56}},"line":5},"1":{"name":"(anonymous_1)","decl":{"start":{"line":10,"column":15},"end":{"line":10,"column":16}},"loc":{"start":{"line":10,"column":24},"end":{"line":10,"column":54}},"line":10},"2":{"name":"(anonymous_2)","decl":{"start":{"line":11,"column":16},"end":{"line":11,"column":17}},"loc":{"start":{"line":11,"column":25},"end":{"line":11,"column":59}},"line":11},"3":{"name":"(anonymous_3)","decl":{"start":{"line":12,"column":17},"end":{"line":12,"column":18}},"loc":{"start":{"line":12,"column":26},"end":{"line":12,"column":58}},"line":12}},"branchMap":{"0":{"loc":{"start":{"line":5,"column":29},"end":{"line":5,"column":56}},"type":"cond-expr","locations":[{"start":{"line":5,"column":45},"end":{"line":5,"column":48}},{"start":{"line":5,"column":50},"end":{"line":5,"column":56}}],"line":5},"1":{"loc":{"start":{"line":10,"column":24},"end":{"line":10,"column":54}},"type":"cond-expr","locations":[{"start":{"line":10,"column":40},"end":{"line":10,"column":46}},{"start":{"line":10,"column":48},"end":{"line":10,"column":54}}],"line":10},"2":{"loc":{"start":{"line":11,"column":25},"end":{"line":11,"column":59}},"type":"cond-expr","locations":[{"start":{"line":11,"column":42},"end":{"line":11,"column":50}},{"start":{"line":11,"column":53},"end":{"line":11,"column":59}}],"line":11},"3":{"loc":{"start":{"line":12,"column":26},"end":{"line":12,"column":58}},"type":"cond-expr","locations":[{"start":{"line":12,"column":41},"end":{"line":12,"column":47}},{"start":{"line":12,"column":50},"end":{"line":12,"column":58}}],"line":12}},"s":{"0":3,"1":14,"2":14,"3":14,"4":14},"f":{"0":14,"1":14,"2":14,"3":14},"b":{"0":[4,10],"1":[4,10],"2":[4,10],"3":[4,10]},"_coverageSchema":"43e27e138ebf9cfc5966b082cf9a028302ed4184","hash":"5c6c21f2639620209750db84735370a4ea5af7dc"}
,"/Users/lucasgiuri/Desktop/beezy/app/containers/Menu/index.js": {"path":"/Users/lucasgiuri/Desktop/beezy/app/containers/Menu/index.js","statementMap":{"0":{"start":{"line":4,"column":22},"end":{"line":29,"column":1}},"1":{"start":{"line":5,"column":23},"end":{"line":5,"column":29}},"2":{"start":{"line":7,"column":15},"end":{"line":26,"column":4}},"3":{"start":{"line":28,"column":2},"end":{"line":28,"column":52}}},"fnMap":{"0":{"name":"(anonymous_0)","decl":{"start":{"line":4,"column":22},"end":{"line":4,"column":23}},"loc":{"start":{"line":4,"column":36},"end":{"line":29,"column":1}},"line":4}},"branchMap":{},"s":{"0":0,"1":0,"2":0,"3":0},"f":{"0":0},"b":{},"hash":"603b16ff6659aa3d3e40a22aa7903c4f6c0d00d5"}
,"/Users/lucasgiuri/Desktop/beezy/app/cypress/plugins/index.js": {"path":"/Users/lucasgiuri/Desktop/beezy/app/cypress/plugins/index.js","statementMap":{"0":{"start":{"line":14,"column":0},"end":{"line":17,"column":1}}},"fnMap":{"0":{"name":"(anonymous_0)","decl":{"start":{"line":14,"column":17},"end":{"line":14,"column":18}},"loc":{"start":{"line":14,"column":33},"end":{"line":17,"column":1}},"line":14}},"branchMap":{},"s":{"0":0},"f":{"0":0},"b":{},"hash":"c48ff5113920014288f65654ee8c68c7621eac66"}
,"/Users/lucasgiuri/Desktop/beezy/app/cypress/support/commands.js": {"path":"/Users/lucasgiuri/Desktop/beezy/app/cypress/support/commands.js","statementMap":{},"fnMap":{},"branchMap":{},"s":{},"f":{},"b":{},"hash":"14c094abb244066ab1829d71141ffb6deac58d6f"}
,"/Users/lucasgiuri/Desktop/beezy/app/cypress/support/index.js": {"path":"/Users/lucasgiuri/Desktop/beezy/app/cypress/support/index.js","statementMap":{},"fnMap":{},"branchMap":{},"s":{},"f":{},"b":{},"hash":"bd8533a75b1872554a7d21784ef1cd214101ff0d"}
,"/Users/lucasgiuri/Desktop/beezy/app/pages/_app.js": {"path":"/Users/lucasgiuri/Desktop/beezy/app/pages/_app.js","statementMap":{"0":{"start":{"line":12,"column":42},"end":{"line":12,"column":52}},"1":{"start":{"line":14,"column":4},"end":{"line":27,"column":3}}},"fnMap":{"0":{"name":"(anonymous_0)","decl":{"start":{"line":11,"column":1},"end":{"line":11,"column":2}},"loc":{"start":{"line":11,"column":10},"end":{"line":28,"column":2}},"line":11}},"branchMap":{},"s":{"0":0,"1":0},"f":{"0":0},"b":{},"hash":"069d918a51377e347cd6ac82fe9b1916981b3fa8"}
,"/Users/lucasgiuri/Desktop/beezy/app/pages/character.js": {"path":"/Users/lucasgiuri/Desktop/beezy/app/pages/character.js","statementMap":{"0":{"start":{"line":10,"column":18},"end":{"line":56,"column":1}},"1":{"start":{"line":12,"column":60},"end":{"line":12,"column":69}},"2":{"start":{"line":14,"column":18},"end":{"line":14,"column":30}},"3":{"start":{"line":16,"column":2},"end":{"line":55,"column":4}},"4":{"start":{"line":41,"column":31},"end":{"line":41,"column":61}},"5":{"start":{"line":48,"column":39},"end":{"line":48,"column":75}},"6":{"start":{"line":58,"column":0},"end":{"line":73,"column":2}},"7":{"start":{"line":75,"column":0},"end":{"line":90,"column":2}},"8":{"start":{"line":92,"column":0},"end":{"line":95,"column":2}},"9":{"start":{"line":93,"column":2},"end":{"line":93,"column":71}},"10":{"start":{"line":94,"column":2},"end":{"line":94,"column":11}},"11":{"start":{"line":97,"column":24},"end":{"line":102,"column":1}},"12":{"start":{"line":98,"column":2},"end":{"line":101,"column":3}}},"fnMap":{"0":{"name":"(anonymous_0)","decl":{"start":{"line":10,"column":18},"end":{"line":10,"column":19}},"loc":{"start":{"line":10,"column":48},"end":{"line":56,"column":1}},"line":10},"1":{"name":"(anonymous_1)","decl":{"start":{"line":41,"column":23},"end":{"line":41,"column":24}},"loc":{"start":{"line":41,"column":31},"end":{"line":41,"column":61}},"line":41},"2":{"name":"(anonymous_2)","decl":{"start":{"line":48,"column":28},"end":{"line":48,"column":29}},"loc":{"start":{"line":48,"column":39},"end":{"line":48,"column":75}},"line":48},"3":{"name":"(anonymous_3)","decl":{"start":{"line":92,"column":28},"end":{"line":92,"column":29}},"loc":{"start":{"line":92,"column":56},"end":{"line":95,"column":1}},"line":92},"4":{"name":"(anonymous_4)","decl":{"start":{"line":97,"column":24},"end":{"line":97,"column":25}},"loc":{"start":{"line":97,"column":35},"end":{"line":102,"column":1}},"line":97}},"branchMap":{"0":{"loc":{"start":{"line":18,"column":7},"end":{"line":52,"column":17}},"type":"cond-expr","locations":[{"start":{"line":18,"column":19},"end":{"line":18,"column":73}},{"start":{"line":19,"column":6},"end":{"line":52,"column":17}}],"line":18},"1":{"loc":{"start":{"line":38,"column":9},"end":{"line":43,"column":12}},"type":"cond-expr","locations":[{"start":{"line":39,"column":10},"end":{"line":42,"column":21}},{"start":{"line":43,"column":10},"end":{"line":43,"column":12}}],"line":38},"2":{"loc":{"start":{"line":45,"column":9},"end":{"line":50,"column":14}},"type":"cond-expr","locations":[{"start":{"line":46,"column":12},"end":{"line":49,"column":23}},{"start":{"line":50,"column":12},"end":{"line":50,"column":14}}],"line":45}},"s":{"0":0,"1":0,"2":0,"3":0,"4":0,"5":0,"6":0,"7":0,"8":0,"9":0,"10":0,"11":0,"12":0},"f":{"0":0,"1":0,"2":0,"3":0,"4":0},"b":{"0":[0,0],"1":[0,0],"2":[0,0]},"hash":"07effa2a7a56e13490f9a8af0abc50ccd405ac86"}
,"/Users/lucasgiuri/Desktop/beezy/app/pages/film.js": {"path":"/Users/lucasgiuri/Desktop/beezy/app/pages/film.js","statementMap":{"0":{"start":{"line":10,"column":13},"end":{"line":51,"column":1}},"1":{"start":{"line":11,"column":84},"end":{"line":11,"column":88}},"2":{"start":{"line":12,"column":18},"end":{"line":12,"column":30}},"3":{"start":{"line":14,"column":2},"end":{"line":50,"column":4}},"4":{"start":{"line":29,"column":37},"end":{"line":29,"column":73}},"5":{"start":{"line":36,"column":41},"end":{"line":36,"column":81}},"6":{"start":{"line":43,"column":35},"end":{"line":43,"column":69}},"7":{"start":{"line":53,"column":0},"end":{"line":64,"column":2}},"8":{"start":{"line":66,"column":0},"end":{"line":77,"column":2}},"9":{"start":{"line":79,"column":0},"end":{"line":82,"column":2}},"10":{"start":{"line":80,"column":2},"end":{"line":80,"column":61}},"11":{"start":{"line":81,"column":2},"end":{"line":81,"column":11}},"12":{"start":{"line":84,"column":24},"end":{"line":89,"column":1}},"13":{"start":{"line":85,"column":2},"end":{"line":88,"column":3}}},"fnMap":{"0":{"name":"(anonymous_0)","decl":{"start":{"line":10,"column":13},"end":{"line":10,"column":14}},"loc":{"start":{"line":10,"column":38},"end":{"line":51,"column":1}},"line":10},"1":{"name":"(anonymous_1)","decl":{"start":{"line":29,"column":26},"end":{"line":29,"column":27}},"loc":{"start":{"line":29,"column":37},"end":{"line":29,"column":73}},"line":29},"2":{"name":"(anonymous_2)","decl":{"start":{"line":36,"column":28},"end":{"line":36,"column":29}},"loc":{"start":{"line":36,"column":41},"end":{"line":36,"column":81}},"line":36},"3":{"name":"(anonymous_3)","decl":{"start":{"line":43,"column":25},"end":{"line":43,"column":26}},"loc":{"start":{"line":43,"column":35},"end":{"line":43,"column":69}},"line":43},"4":{"name":"(anonymous_4)","decl":{"start":{"line":79,"column":23},"end":{"line":79,"column":24}},"loc":{"start":{"line":79,"column":51},"end":{"line":82,"column":1}},"line":79},"5":{"name":"(anonymous_5)","decl":{"start":{"line":84,"column":24},"end":{"line":84,"column":25}},"loc":{"start":{"line":84,"column":35},"end":{"line":89,"column":1}},"line":84}},"branchMap":{"0":{"loc":{"start":{"line":16,"column":7},"end":{"line":47,"column":17}},"type":"cond-expr","locations":[{"start":{"line":16,"column":19},"end":{"line":16,"column":73}},{"start":{"line":17,"column":6},"end":{"line":47,"column":17}}],"line":16},"1":{"loc":{"start":{"line":26,"column":9},"end":{"line":31,"column":12}},"type":"cond-expr","locations":[{"start":{"line":27,"column":10},"end":{"line":30,"column":21}},{"start":{"line":31,"column":10},"end":{"line":31,"column":12}}],"line":26},"2":{"loc":{"start":{"line":33,"column":9},"end":{"line":38,"column":12}},"type":"cond-expr","locations":[{"start":{"line":34,"column":10},"end":{"line":37,"column":21}},{"start":{"line":38,"column":10},"end":{"line":38,"column":12}}],"line":33},"3":{"loc":{"start":{"line":40,"column":9},"end":{"line":45,"column":12}},"type":"cond-expr","locations":[{"start":{"line":41,"column":10},"end":{"line":44,"column":21}},{"start":{"line":45,"column":10},"end":{"line":45,"column":12}}],"line":40}},"s":{"0":0,"1":0,"2":0,"3":0,"4":0,"5":0,"6":0,"7":0,"8":0,"9":0,"10":0,"11":0,"12":0,"13":0},"f":{"0":0,"1":0,"2":0,"3":0,"4":0,"5":0},"b":{"0":[0,0],"1":[0,0],"2":[0,0],"3":[0,0]},"hash":"bd9f12966def112294a572de3b2b4e201b6a07e5"}
,"/Users/lucasgiuri/Desktop/beezy/app/pages/films.js": {"path":"/Users/lucasgiuri/Desktop/beezy/app/pages/films.js","statementMap":{"0":{"start":{"line":11,"column":14},"end":{"line":56,"column":1}},"1":{"start":{"line":12,"column":21},"end":{"line":12,"column":44}},"2":{"start":{"line":13,"column":18},"end":{"line":13,"column":25}},"3":{"start":{"line":14,"column":22},"end":{"line":14,"column":28}},"4":{"start":{"line":15,"column":18},"end":{"line":15,"column":30}},"5":{"start":{"line":17,"column":19},"end":{"line":19,"column":3}},"6":{"start":{"line":18,"column":4},"end":{"line":18,"column":23}},"7":{"start":{"line":21,"column":18},"end":{"line":23,"column":3}},"8":{"start":{"line":22,"column":4},"end":{"line":22,"column":15}},"9":{"start":{"line":25,"column":22},"end":{"line":29,"column":3}},"10":{"start":{"line":26,"column":4},"end":{"line":28,"column":5}},"11":{"start":{"line":27,"column":6},"end":{"line":27,"column":25}},"12":{"start":{"line":31,"column":22},"end":{"line":35,"column":3}},"13":{"start":{"line":32,"column":4},"end":{"line":34,"column":5}},"14":{"start":{"line":33,"column":6},"end":{"line":33,"column":25}},"15":{"start":{"line":37,"column":2},"end":{"line":55,"column":3}},"16":{"start":{"line":58,"column":0},"end":{"line":66,"column":2}},"17":{"start":{"line":68,"column":0},"end":{"line":72,"column":2}},"18":{"start":{"line":74,"column":0},"end":{"line":77,"column":2}},"19":{"start":{"line":75,"column":2},"end":{"line":75,"column":48}},"20":{"start":{"line":76,"column":2},"end":{"line":76,"column":12}},"21":{"start":{"line":79,"column":24},"end":{"line":87,"column":1}},"22":{"start":{"line":80,"column":2},"end":{"line":86,"column":3}},"23":{"start":{"line":89,"column":27},"end":{"line":94,"column":1}},"24":{"start":{"line":90,"column":2},"end":{"line":93,"column":3}},"25":{"start":{"line":91,"column":28},"end":{"line":91,"column":66}},"26":{"start":{"line":92,"column":23},"end":{"line":92,"column":59}}},"fnMap":{"0":{"name":"(anonymous_0)","decl":{"start":{"line":11,"column":14},"end":{"line":11,"column":15}},"loc":{"start":{"line":11,"column":89},"end":{"line":56,"column":1}},"line":11},"1":{"name":"(anonymous_1)","decl":{"start":{"line":17,"column":19},"end":{"line":17,"column":20}},"loc":{"start":{"line":17,"column":29},"end":{"line":19,"column":3}},"line":17},"2":{"name":"(anonymous_2)","decl":{"start":{"line":21,"column":18},"end":{"line":21,"column":19}},"loc":{"start":{"line":21,"column":24},"end":{"line":23,"column":3}},"line":21},"3":{"name":"(anonymous_3)","decl":{"start":{"line":25,"column":22},"end":{"line":25,"column":23}},"loc":{"start":{"line":25,"column":28},"end":{"line":29,"column":3}},"line":25},"4":{"name":"(anonymous_4)","decl":{"start":{"line":31,"column":22},"end":{"line":31,"column":23}},"loc":{"start":{"line":31,"column":28},"end":{"line":35,"column":3}},"line":31},"5":{"name":"(anonymous_5)","decl":{"start":{"line":74,"column":24},"end":{"line":74,"column":25}},"loc":{"start":{"line":74,"column":43},"end":{"line":77,"column":1}},"line":74},"6":{"name":"(anonymous_6)","decl":{"start":{"line":79,"column":24},"end":{"line":79,"column":25}},"loc":{"start":{"line":79,"column":35},"end":{"line":87,"column":1}},"line":79},"7":{"name":"(anonymous_7)","decl":{"start":{"line":89,"column":27},"end":{"line":89,"column":28}},"loc":{"start":{"line":89,"column":41},"end":{"line":94,"column":1}},"line":89},"8":{"name":"(anonymous_8)","decl":{"start":{"line":91,"column":18},"end":{"line":91,"column":19}},"loc":{"start":{"line":91,"column":28},"end":{"line":91,"column":66}},"line":91},"9":{"name":"(anonymous_9)","decl":{"start":{"line":92,"column":14},"end":{"line":92,"column":15}},"loc":{"start":{"line":92,"column":23},"end":{"line":92,"column":59}},"line":92}},"branchMap":{"0":{"loc":{"start":{"line":26,"column":4},"end":{"line":28,"column":5}},"type":"if","locations":[{"start":{"line":26,"column":4},"end":{"line":28,"column":5}},{"start":{"line":26,"column":4},"end":{"line":28,"column":5}}],"line":26},"1":{"loc":{"start":{"line":32,"column":4},"end":{"line":34,"column":5}},"type":"if","locations":[{"start":{"line":32,"column":4},"end":{"line":34,"column":5}},{"start":{"line":32,"column":4},"end":{"line":34,"column":5}}],"line":32},"2":{"loc":{"start":{"line":41,"column":7},"end":{"line":52,"column":19}},"type":"cond-expr","locations":[{"start":{"line":42,"column":8},"end":{"line":42,"column":62}},{"start":{"line":43,"column":8},"end":{"line":52,"column":19}}],"line":41}},"s":{"0":0,"1":0,"2":0,"3":0,"4":0,"5":0,"6":0,"7":0,"8":0,"9":0,"10":0,"11":0,"12":0,"13":0,"14":0,"15":0,"16":0,"17":0,"18":0,"19":0,"20":0,"21":0,"22":0,"23":0,"24":0,"25":0,"26":0},"f":{"0":0,"1":0,"2":0,"3":0,"4":0,"5":0,"6":0,"7":0,"8":0,"9":0},"b":{"0":[0,0],"1":[0,0],"2":[0,0]},"hash":"4e95cfe24e4bd68d131bc26d28c7bdf318fe1cd7"}
,"/Users/lucasgiuri/Desktop/beezy/app/pages/index.js": {"path":"/Users/lucasgiuri/Desktop/beezy/app/pages/index.js","statementMap":{"0":{"start":{"line":11,"column":15},"end":{"line":56,"column":1}},"1":{"start":{"line":12,"column":26},"end":{"line":12,"column":54}},"2":{"start":{"line":13,"column":18},"end":{"line":13,"column":26}},"3":{"start":{"line":14,"column":22},"end":{"line":14,"column":33}},"4":{"start":{"line":15,"column":18},"end":{"line":15,"column":30}},"5":{"start":{"line":17,"column":19},"end":{"line":19,"column":3}},"6":{"start":{"line":18,"column":4},"end":{"line":18,"column":23}},"7":{"start":{"line":21,"column":18},"end":{"line":23,"column":3}},"8":{"start":{"line":22,"column":4},"end":{"line":22,"column":15}},"9":{"start":{"line":25,"column":22},"end":{"line":29,"column":3}},"10":{"start":{"line":26,"column":4},"end":{"line":28,"column":5}},"11":{"start":{"line":27,"column":6},"end":{"line":27,"column":25}},"12":{"start":{"line":31,"column":22},"end":{"line":35,"column":3}},"13":{"start":{"line":32,"column":4},"end":{"line":34,"column":5}},"14":{"start":{"line":33,"column":6},"end":{"line":33,"column":25}},"15":{"start":{"line":37,"column":2},"end":{"line":55,"column":3}},"16":{"start":{"line":58,"column":0},"end":{"line":66,"column":2}},"17":{"start":{"line":68,"column":0},"end":{"line":72,"column":2}},"18":{"start":{"line":74,"column":0},"end":{"line":77,"column":2}},"19":{"start":{"line":75,"column":2},"end":{"line":75,"column":53}},"20":{"start":{"line":76,"column":2},"end":{"line":76,"column":12}},"21":{"start":{"line":79,"column":24},"end":{"line":87,"column":1}},"22":{"start":{"line":80,"column":2},"end":{"line":86,"column":3}},"23":{"start":{"line":89,"column":27},"end":{"line":94,"column":1}},"24":{"start":{"line":90,"column":2},"end":{"line":93,"column":3}},"25":{"start":{"line":91,"column":28},"end":{"line":91,"column":71}},"26":{"start":{"line":92,"column":23},"end":{"line":92,"column":64}}},"fnMap":{"0":{"name":"(anonymous_0)","decl":{"start":{"line":11,"column":15},"end":{"line":11,"column":16}},"loc":{"start":{"line":11,"column":95},"end":{"line":56,"column":1}},"line":11},"1":{"name":"(anonymous_1)","decl":{"start":{"line":17,"column":19},"end":{"line":17,"column":20}},"loc":{"start":{"line":17,"column":29},"end":{"line":19,"column":3}},"line":17},"2":{"name":"(anonymous_2)","decl":{"start":{"line":21,"column":18},"end":{"line":21,"column":19}},"loc":{"start":{"line":21,"column":24},"end":{"line":23,"column":3}},"line":21},"3":{"name":"(anonymous_3)","decl":{"start":{"line":25,"column":22},"end":{"line":25,"column":23}},"loc":{"start":{"line":25,"column":28},"end":{"line":29,"column":3}},"line":25},"4":{"name":"(anonymous_4)","decl":{"start":{"line":31,"column":22},"end":{"line":31,"column":23}},"loc":{"start":{"line":31,"column":28},"end":{"line":35,"column":3}},"line":31},"5":{"name":"(anonymous_5)","decl":{"start":{"line":74,"column":25},"end":{"line":74,"column":26}},"loc":{"start":{"line":74,"column":44},"end":{"line":77,"column":1}},"line":74},"6":{"name":"(anonymous_6)","decl":{"start":{"line":79,"column":24},"end":{"line":79,"column":25}},"loc":{"start":{"line":79,"column":35},"end":{"line":87,"column":1}},"line":79},"7":{"name":"(anonymous_7)","decl":{"start":{"line":89,"column":27},"end":{"line":89,"column":28}},"loc":{"start":{"line":89,"column":41},"end":{"line":94,"column":1}},"line":89},"8":{"name":"(anonymous_8)","decl":{"start":{"line":91,"column":18},"end":{"line":91,"column":19}},"loc":{"start":{"line":91,"column":28},"end":{"line":91,"column":71}},"line":91},"9":{"name":"(anonymous_9)","decl":{"start":{"line":92,"column":14},"end":{"line":92,"column":15}},"loc":{"start":{"line":92,"column":23},"end":{"line":92,"column":64}},"line":92}},"branchMap":{"0":{"loc":{"start":{"line":26,"column":4},"end":{"line":28,"column":5}},"type":"if","locations":[{"start":{"line":26,"column":4},"end":{"line":28,"column":5}},{"start":{"line":26,"column":4},"end":{"line":28,"column":5}}],"line":26},"1":{"loc":{"start":{"line":32,"column":4},"end":{"line":34,"column":5}},"type":"if","locations":[{"start":{"line":32,"column":4},"end":{"line":34,"column":5}},{"start":{"line":32,"column":4},"end":{"line":34,"column":5}}],"line":32},"2":{"loc":{"start":{"line":41,"column":7},"end":{"line":52,"column":19}},"type":"cond-expr","locations":[{"start":{"line":42,"column":8},"end":{"line":42,"column":62}},{"start":{"line":43,"column":8},"end":{"line":52,"column":19}}],"line":41}},"s":{"0":0,"1":0,"2":0,"3":0,"4":0,"5":0,"6":0,"7":0,"8":0,"9":0,"10":0,"11":0,"12":0,"13":0,"14":0,"15":0,"16":0,"17":0,"18":0,"19":0,"20":0,"21":0,"22":0,"23":0,"24":0,"25":0,"26":0},"f":{"0":0,"1":0,"2":0,"3":0,"4":0,"5":0,"6":0,"7":0,"8":0,"9":0},"b":{"0":[0,0],"1":[0,0],"2":[0,0]},"hash":"b041df37c231b5590fc2f66bc797582190cf45da"}
,"/Users/lucasgiuri/Desktop/beezy/app/pages/planet.js": {"path":"/Users/lucasgiuri/Desktop/beezy/app/pages/planet.js","statementMap":{"0":{"start":{"line":10,"column":15},"end":{"line":56,"column":1}},"1":{"start":{"line":12,"column":63},"end":{"line":12,"column":69}},"2":{"start":{"line":14,"column":18},"end":{"line":14,"column":30}},"3":{"start":{"line":16,"column":2},"end":{"line":55,"column":4}},"4":{"start":{"line":41,"column":39},"end":{"line":41,"column":77}},"5":{"start":{"line":48,"column":31},"end":{"line":48,"column":61}},"6":{"start":{"line":58,"column":0},"end":{"line":73,"column":2}},"7":{"start":{"line":75,"column":0},"end":{"line":90,"column":2}},"8":{"start":{"line":92,"column":0},"end":{"line":95,"column":2}},"9":{"start":{"line":93,"column":2},"end":{"line":93,"column":65}},"10":{"start":{"line":94,"column":2},"end":{"line":94,"column":11}},"11":{"start":{"line":97,"column":24},"end":{"line":102,"column":1}},"12":{"start":{"line":98,"column":2},"end":{"line":101,"column":3}}},"fnMap":{"0":{"name":"(anonymous_0)","decl":{"start":{"line":10,"column":15},"end":{"line":10,"column":16}},"loc":{"start":{"line":10,"column":42},"end":{"line":56,"column":1}},"line":10},"1":{"name":"(anonymous_1)","decl":{"start":{"line":41,"column":27},"end":{"line":41,"column":28}},"loc":{"start":{"line":41,"column":39},"end":{"line":41,"column":77}},"line":41},"2":{"name":"(anonymous_2)","decl":{"start":{"line":48,"column":23},"end":{"line":48,"column":24}},"loc":{"start":{"line":48,"column":31},"end":{"line":48,"column":61}},"line":48},"3":{"name":"(anonymous_3)","decl":{"start":{"line":92,"column":25},"end":{"line":92,"column":26}},"loc":{"start":{"line":92,"column":53},"end":{"line":95,"column":1}},"line":92},"4":{"name":"(anonymous_4)","decl":{"start":{"line":97,"column":24},"end":{"line":97,"column":25}},"loc":{"start":{"line":97,"column":35},"end":{"line":102,"column":1}},"line":97}},"branchMap":{"0":{"loc":{"start":{"line":18,"column":7},"end":{"line":52,"column":17}},"type":"cond-expr","locations":[{"start":{"line":18,"column":19},"end":{"line":18,"column":73}},{"start":{"line":19,"column":6},"end":{"line":52,"column":17}}],"line":18},"1":{"loc":{"start":{"line":38,"column":9},"end":{"line":43,"column":12}},"type":"cond-expr","locations":[{"start":{"line":39,"column":10},"end":{"line":42,"column":21}},{"start":{"line":43,"column":10},"end":{"line":43,"column":12}}],"line":38},"2":{"loc":{"start":{"line":45,"column":9},"end":{"line":50,"column":12}},"type":"cond-expr","locations":[{"start":{"line":46,"column":10},"end":{"line":49,"column":21}},{"start":{"line":50,"column":10},"end":{"line":50,"column":12}}],"line":45}},"s":{"0":0,"1":0,"2":0,"3":0,"4":0,"5":0,"6":0,"7":0,"8":0,"9":0,"10":0,"11":0,"12":0},"f":{"0":0,"1":0,"2":0,"3":0,"4":0},"b":{"0":[0,0],"1":[0,0],"2":[0,0]},"hash":"a4b150237f2783a08d07171603a0aa3b9dc17adf"}
,"/Users/lucasgiuri/Desktop/beezy/app/pages/planets.js": {"path":"/Users/lucasgiuri/Desktop/beezy/app/pages/planets.js","statementMap":{"0":{"start":{"line":11,"column":16},"end":{"line":56,"column":1}},"1":{"start":{"line":12,"column":23},"end":{"line":12,"column":48}},"2":{"start":{"line":13,"column":18},"end":{"line":13,"column":27}},"3":{"start":{"line":14,"column":22},"end":{"line":14,"column":30}},"4":{"start":{"line":15,"column":18},"end":{"line":15,"column":30}},"5":{"start":{"line":17,"column":19},"end":{"line":19,"column":3}},"6":{"start":{"line":18,"column":4},"end":{"line":18,"column":23}},"7":{"start":{"line":21,"column":18},"end":{"line":23,"column":3}},"8":{"start":{"line":22,"column":4},"end":{"line":22,"column":15}},"9":{"start":{"line":25,"column":22},"end":{"line":29,"column":3}},"10":{"start":{"line":26,"column":4},"end":{"line":28,"column":5}},"11":{"start":{"line":27,"column":6},"end":{"line":27,"column":25}},"12":{"start":{"line":31,"column":22},"end":{"line":35,"column":3}},"13":{"start":{"line":32,"column":4},"end":{"line":34,"column":5}},"14":{"start":{"line":33,"column":6},"end":{"line":33,"column":25}},"15":{"start":{"line":37,"column":2},"end":{"line":55,"column":3}},"16":{"start":{"line":58,"column":0},"end":{"line":66,"column":2}},"17":{"start":{"line":68,"column":0},"end":{"line":72,"column":2}},"18":{"start":{"line":74,"column":0},"end":{"line":77,"column":2}},"19":{"start":{"line":75,"column":2},"end":{"line":75,"column":50}},"20":{"start":{"line":76,"column":2},"end":{"line":76,"column":12}},"21":{"start":{"line":79,"column":24},"end":{"line":87,"column":1}},"22":{"start":{"line":80,"column":2},"end":{"line":86,"column":3}},"23":{"start":{"line":89,"column":27},"end":{"line":94,"column":1}},"24":{"start":{"line":90,"column":2},"end":{"line":93,"column":3}},"25":{"start":{"line":91,"column":28},"end":{"line":91,"column":68}},"26":{"start":{"line":92,"column":23},"end":{"line":92,"column":61}}},"fnMap":{"0":{"name":"(anonymous_0)","decl":{"start":{"line":11,"column":16},"end":{"line":11,"column":17}},"loc":{"start":{"line":11,"column":93},"end":{"line":56,"column":1}},"line":11},"1":{"name":"(anonymous_1)","decl":{"start":{"line":17,"column":19},"end":{"line":17,"column":20}},"loc":{"start":{"line":17,"column":29},"end":{"line":19,"column":3}},"line":17},"2":{"name":"(anonymous_2)","decl":{"start":{"line":21,"column":18},"end":{"line":21,"column":19}},"loc":{"start":{"line":21,"column":24},"end":{"line":23,"column":3}},"line":21},"3":{"name":"(anonymous_3)","decl":{"start":{"line":25,"column":22},"end":{"line":25,"column":23}},"loc":{"start":{"line":25,"column":28},"end":{"line":29,"column":3}},"line":25},"4":{"name":"(anonymous_4)","decl":{"start":{"line":31,"column":22},"end":{"line":31,"column":23}},"loc":{"start":{"line":31,"column":28},"end":{"line":35,"column":3}},"line":31},"5":{"name":"(anonymous_5)","decl":{"start":{"line":74,"column":26},"end":{"line":74,"column":27}},"loc":{"start":{"line":74,"column":45},"end":{"line":77,"column":1}},"line":74},"6":{"name":"(anonymous_6)","decl":{"start":{"line":79,"column":24},"end":{"line":79,"column":25}},"loc":{"start":{"line":79,"column":35},"end":{"line":87,"column":1}},"line":79},"7":{"name":"(anonymous_7)","decl":{"start":{"line":89,"column":27},"end":{"line":89,"column":28}},"loc":{"start":{"line":89,"column":41},"end":{"line":94,"column":1}},"line":89},"8":{"name":"(anonymous_8)","decl":{"start":{"line":91,"column":18},"end":{"line":91,"column":19}},"loc":{"start":{"line":91,"column":28},"end":{"line":91,"column":68}},"line":91},"9":{"name":"(anonymous_9)","decl":{"start":{"line":92,"column":14},"end":{"line":92,"column":15}},"loc":{"start":{"line":92,"column":23},"end":{"line":92,"column":61}},"line":92}},"branchMap":{"0":{"loc":{"start":{"line":26,"column":4},"end":{"line":28,"column":5}},"type":"if","locations":[{"start":{"line":26,"column":4},"end":{"line":28,"column":5}},{"start":{"line":26,"column":4},"end":{"line":28,"column":5}}],"line":26},"1":{"loc":{"start":{"line":32,"column":4},"end":{"line":34,"column":5}},"type":"if","locations":[{"start":{"line":32,"column":4},"end":{"line":34,"column":5}},{"start":{"line":32,"column":4},"end":{"line":34,"column":5}}],"line":32},"2":{"loc":{"start":{"line":41,"column":7},"end":{"line":52,"column":19}},"type":"cond-expr","locations":[{"start":{"line":42,"column":8},"end":{"line":42,"column":62}},{"start":{"line":43,"column":8},"end":{"line":52,"column":19}}],"line":41}},"s":{"0":0,"1":0,"2":0,"3":0,"4":0,"5":0,"6":0,"7":0,"8":0,"9":0,"10":0,"11":0,"12":0,"13":0,"14":0,"15":0,"16":0,"17":0,"18":0,"19":0,"20":0,"21":0,"22":0,"23":0,"24":0,"25":0,"26":0},"f":{"0":0,"1":0,"2":0,"3":0,"4":0,"5":0,"6":0,"7":0,"8":0,"9":0},"b":{"0":[0,0],"1":[0,0],"2":[0,0]},"hash":"36fe298ba3af37ba9b23bfb99929065b64f9e986"}
,"/Users/lucasgiuri/Desktop/beezy/app/pages/vehicle.js": {"path":"/Users/lucasgiuri/Desktop/beezy/app/pages/vehicle.js","statementMap":{"0":{"start":{"line":10,"column":16},"end":{"line":50,"column":1}},"1":{"start":{"line":11,"column":93},"end":{"line":11,"column":100}},"2":{"start":{"line":12,"column":18},"end":{"line":12,"column":30}},"3":{"start":{"line":14,"column":2},"end":{"line":49,"column":4}},"4":{"start":{"line":35,"column":31},"end":{"line":35,"column":61}},"5":{"start":{"line":42,"column":33},"end":{"line":42,"column":65}},"6":{"start":{"line":52,"column":0},"end":{"line":65,"column":2}},"7":{"start":{"line":67,"column":0},"end":{"line":80,"column":2}},"8":{"start":{"line":82,"column":0},"end":{"line":85,"column":2}},"9":{"start":{"line":83,"column":2},"end":{"line":83,"column":67}},"10":{"start":{"line":84,"column":2},"end":{"line":84,"column":11}},"11":{"start":{"line":87,"column":24},"end":{"line":92,"column":1}},"12":{"start":{"line":88,"column":2},"end":{"line":91,"column":3}}},"fnMap":{"0":{"name":"(anonymous_0)","decl":{"start":{"line":10,"column":16},"end":{"line":10,"column":17}},"loc":{"start":{"line":10,"column":44},"end":{"line":50,"column":1}},"line":10},"1":{"name":"(anonymous_1)","decl":{"start":{"line":35,"column":23},"end":{"line":35,"column":24}},"loc":{"start":{"line":35,"column":31},"end":{"line":35,"column":61}},"line":35},"2":{"name":"(anonymous_2)","decl":{"start":{"line":42,"column":24},"end":{"line":42,"column":25}},"loc":{"start":{"line":42,"column":33},"end":{"line":42,"column":65}},"line":42},"3":{"name":"(anonymous_3)","decl":{"start":{"line":82,"column":26},"end":{"line":82,"column":27}},"loc":{"start":{"line":82,"column":54},"end":{"line":85,"column":1}},"line":82},"4":{"name":"(anonymous_4)","decl":{"start":{"line":87,"column":24},"end":{"line":87,"column":25}},"loc":{"start":{"line":87,"column":35},"end":{"line":92,"column":1}},"line":87}},"branchMap":{"0":{"loc":{"start":{"line":16,"column":7},"end":{"line":46,"column":17}},"type":"cond-expr","locations":[{"start":{"line":16,"column":19},"end":{"line":16,"column":73}},{"start":{"line":17,"column":6},"end":{"line":46,"column":17}}],"line":16},"1":{"loc":{"start":{"line":32,"column":9},"end":{"line":37,"column":12}},"type":"cond-expr","locations":[{"start":{"line":33,"column":10},"end":{"line":36,"column":21}},{"start":{"line":37,"column":10},"end":{"line":37,"column":12}}],"line":32},"2":{"loc":{"start":{"line":39,"column":9},"end":{"line":44,"column":12}},"type":"cond-expr","locations":[{"start":{"line":40,"column":10},"end":{"line":43,"column":21}},{"start":{"line":44,"column":10},"end":{"line":44,"column":12}}],"line":39}},"s":{"0":0,"1":0,"2":0,"3":0,"4":0,"5":0,"6":0,"7":0,"8":0,"9":0,"10":0,"11":0,"12":0},"f":{"0":0,"1":0,"2":0,"3":0,"4":0},"b":{"0":[0,0],"1":[0,0],"2":[0,0]},"hash":"3f99b3f5ec49542101aa16d4e7b5e2ed6a5e32ad"}
,"/Users/lucasgiuri/Desktop/beezy/app/pages/vehicles.js": {"path":"/Users/lucasgiuri/Desktop/beezy/app/pages/vehicles.js","statementMap":{"0":{"start":{"line":11,"column":17},"end":{"line":56,"column":1}},"1":{"start":{"line":12,"column":24},"end":{"line":12,"column":50}},"2":{"start":{"line":13,"column":18},"end":{"line":13,"column":28}},"3":{"start":{"line":14,"column":22},"end":{"line":14,"column":31}},"4":{"start":{"line":15,"column":18},"end":{"line":15,"column":30}},"5":{"start":{"line":17,"column":19},"end":{"line":19,"column":3}},"6":{"start":{"line":18,"column":4},"end":{"line":18,"column":23}},"7":{"start":{"line":21,"column":18},"end":{"line":23,"column":3}},"8":{"start":{"line":22,"column":4},"end":{"line":22,"column":15}},"9":{"start":{"line":25,"column":22},"end":{"line":29,"column":3}},"10":{"start":{"line":26,"column":4},"end":{"line":28,"column":5}},"11":{"start":{"line":27,"column":6},"end":{"line":27,"column":25}},"12":{"start":{"line":31,"column":22},"end":{"line":35,"column":3}},"13":{"start":{"line":32,"column":4},"end":{"line":34,"column":5}},"14":{"start":{"line":33,"column":6},"end":{"line":33,"column":25}},"15":{"start":{"line":37,"column":2},"end":{"line":55,"column":3}},"16":{"start":{"line":58,"column":0},"end":{"line":66,"column":2}},"17":{"start":{"line":68,"column":0},"end":{"line":72,"column":2}},"18":{"start":{"line":74,"column":0},"end":{"line":77,"column":2}},"19":{"start":{"line":75,"column":2},"end":{"line":75,"column":51}},"20":{"start":{"line":76,"column":2},"end":{"line":76,"column":12}},"21":{"start":{"line":79,"column":24},"end":{"line":87,"column":1}},"22":{"start":{"line":80,"column":2},"end":{"line":86,"column":3}},"23":{"start":{"line":89,"column":27},"end":{"line":94,"column":1}},"24":{"start":{"line":90,"column":2},"end":{"line":93,"column":3}},"25":{"start":{"line":91,"column":28},"end":{"line":91,"column":69}},"26":{"start":{"line":92,"column":23},"end":{"line":92,"column":62}}},"fnMap":{"0":{"name":"(anonymous_0)","decl":{"start":{"line":11,"column":17},"end":{"line":11,"column":18}},"loc":{"start":{"line":11,"column":95},"end":{"line":56,"column":1}},"line":11},"1":{"name":"(anonymous_1)","decl":{"start":{"line":17,"column":19},"end":{"line":17,"column":20}},"loc":{"start":{"line":17,"column":29},"end":{"line":19,"column":3}},"line":17},"2":{"name":"(anonymous_2)","decl":{"start":{"line":21,"column":18},"end":{"line":21,"column":19}},"loc":{"start":{"line":21,"column":24},"end":{"line":23,"column":3}},"line":21},"3":{"name":"(anonymous_3)","decl":{"start":{"line":25,"column":22},"end":{"line":25,"column":23}},"loc":{"start":{"line":25,"column":28},"end":{"line":29,"column":3}},"line":25},"4":{"name":"(anonymous_4)","decl":{"start":{"line":31,"column":22},"end":{"line":31,"column":23}},"loc":{"start":{"line":31,"column":28},"end":{"line":35,"column":3}},"line":31},"5":{"name":"(anonymous_5)","decl":{"start":{"line":74,"column":27},"end":{"line":74,"column":28}},"loc":{"start":{"line":74,"column":46},"end":{"line":77,"column":1}},"line":74},"6":{"name":"(anonymous_6)","decl":{"start":{"line":79,"column":24},"end":{"line":79,"column":25}},"loc":{"start":{"line":79,"column":35},"end":{"line":87,"column":1}},"line":79},"7":{"name":"(anonymous_7)","decl":{"start":{"line":89,"column":27},"end":{"line":89,"column":28}},"loc":{"start":{"line":89,"column":41},"end":{"line":94,"column":1}},"line":89},"8":{"name":"(anonymous_8)","decl":{"start":{"line":91,"column":18},"end":{"line":91,"column":19}},"loc":{"start":{"line":91,"column":28},"end":{"line":91,"column":69}},"line":91},"9":{"name":"(anonymous_9)","decl":{"start":{"line":92,"column":14},"end":{"line":92,"column":15}},"loc":{"start":{"line":92,"column":23},"end":{"line":92,"column":62}},"line":92}},"branchMap":{"0":{"loc":{"start":{"line":26,"column":4},"end":{"line":28,"column":5}},"type":"if","locations":[{"start":{"line":26,"column":4},"end":{"line":28,"column":5}},{"start":{"line":26,"column":4},"end":{"line":28,"column":5}}],"line":26},"1":{"loc":{"start":{"line":32,"column":4},"end":{"line":34,"column":5}},"type":"if","locations":[{"start":{"line":32,"column":4},"end":{"line":34,"column":5}},{"start":{"line":32,"column":4},"end":{"line":34,"column":5}}],"line":32},"2":{"loc":{"start":{"line":41,"column":7},"end":{"line":52,"column":19}},"type":"cond-expr","locations":[{"start":{"line":42,"column":8},"end":{"line":42,"column":62}},{"start":{"line":43,"column":8},"end":{"line":52,"column":19}}],"line":41}},"s":{"0":0,"1":0,"2":0,"3":0,"4":0,"5":0,"6":0,"7":0,"8":0,"9":0,"10":0,"11":0,"12":0,"13":0,"14":0,"15":0,"16":0,"17":0,"18":0,"19":0,"20":0,"21":0,"22":0,"23":0,"24":0,"25":0,"26":0},"f":{"0":0,"1":0,"2":0,"3":0,"4":0,"5":0,"6":0,"7":0,"8":0,"9":0},"b":{"0":[0,0],"1":[0,0],"2":[0,0]},"hash":"f36a941c73bc54164ff4afbd49b090f66eb55ede"}
,"/Users/lucasgiuri/Desktop/beezy/app/static/styles/colors.js": {"path":"/Users/lucasgiuri/Desktop/beezy/app/static/styles/colors.js","statementMap":{"0":{"start":{"line":1,"column":23},"end":{"line":1,"column":32}},"1":{"start":{"line":2,"column":25},"end":{"line":2,"column":43}},"2":{"start":{"line":3,"column":21},"end":{"line":3,"column":30}},"3":{"start":{"line":4,"column":21},"end":{"line":4,"column":30}},"4":{"start":{"line":5,"column":24},"end":{"line":5,"column":33}}},"fnMap":{},"branchMap":{},"s":{"0":7,"1":7,"2":7,"3":7,"4":7},"f":{},"b":{},"_coverageSchema":"43e27e138ebf9cfc5966b082cf9a028302ed4184","hash":"e38cc6a8840f8fd60af5cf7a1c72faf57aa0c0af"}
,"/Users/lucasgiuri/Desktop/beezy/app/static/styles/devices.js": {"path":"/Users/lucasgiuri/Desktop/beezy/app/static/styles/devices.js","statementMap":{"0":{"start":{"line":1,"column":13},"end":{"line":5,"column":1}},"1":{"start":{"line":7,"column":22},"end":{"line":11,"column":1}}},"fnMap":{},"branchMap":{},"s":{"0":2,"1":2},"f":{},"b":{},"_coverageSchema":"43e27e138ebf9cfc5966b082cf9a028302ed4184","hash":"bfac130feed5bd9922a404ba75996d65ffd44c21"}
,"/Users/lucasgiuri/Desktop/beezy/app/static/styles/global.js": {"path":"/Users/lucasgiuri/Desktop/beezy/app/static/styles/global.js","statementMap":{"0":{"start":{"line":4,"column":20},"end":{"line":8,"column":1}},"1":{"start":{"line":10,"column":23},"end":{"line":13,"column":1}}},"fnMap":{},"branchMap":{},"s":{"0":0,"1":0},"f":{},"b":{},"hash":"80e0a6892366abf71186275f06cc4cd4f9b035fc"}
,"/Users/lucasgiuri/Desktop/beezy/app/store/apiCall.js": {"path":"/Users/lucasgiuri/Desktop/beezy/app/store/apiCall.js","statementMap":{"0":{"start":{"line":1,"column":24},"end":{"line":1,"column":34}},"1":{"start":{"line":3,"column":16},"end":{"line":11,"column":1}},"2":{"start":{"line":4,"column":2},"end":{"line":10,"column":3}}},"fnMap":{"0":{"name":"(anonymous_0)","decl":{"start":{"line":3,"column":16},"end":{"line":3,"column":17}},"loc":{"start":{"line":3,"column":74},"end":{"line":11,"column":1}},"line":3}},"branchMap":{},"s":{"0":0,"1":0,"2":0},"f":{"0":0},"b":{},"hash":"635f666fc4be6ee025cd08c19a7d818373e77336"}
,"/Users/lucasgiuri/Desktop/beezy/app/store/apiMiddleware.js": {"path":"/Users/lucasgiuri/Desktop/beezy/app/store/apiMiddleware.js","statementMap":{"0":{"start":{"line":3,"column":22},"end":{"line":22,"column":1}},"1":{"start":{"line":3,"column":31},"end":{"line":22,"column":1}},"2":{"start":{"line":3,"column":39},"end":{"line":22,"column":1}},"3":{"start":{"line":4,"column":76},"end":{"line":4,"column":82}},"4":{"start":{"line":5,"column":2},"end":{"line":7,"column":3}},"5":{"start":{"line":6,"column":4},"end":{"line":6,"column":23}},"6":{"start":{"line":9,"column":20},"end":{"line":9,"column":45}},"7":{"start":{"line":10,"column":22},"end":{"line":10,"column":49}},"8":{"start":{"line":11,"column":19},"end":{"line":11,"column":43}},"9":{"start":{"line":13,"column":2},"end":{"line":13,"column":48}},"10":{"start":{"line":15,"column":2},"end":{"line":21,"column":3}},"11":{"start":{"line":16,"column":19},"end":{"line":16,"column":34}},"12":{"start":{"line":17,"column":33},"end":{"line":17,"column":67}},"13":{"start":{"line":18,"column":4},"end":{"line":18,"column":77}},"14":{"start":{"line":20,"column":4},"end":{"line":20,"column":56}}},"fnMap":{"0":{"name":"(anonymous_0)","decl":{"start":{"line":3,"column":22},"end":{"line":3,"column":23}},"loc":{"start":{"line":3,"column":31},"end":{"line":22,"column":1}},"line":3},"1":{"name":"(anonymous_1)","decl":{"start":{"line":3,"column":31},"end":{"line":3,"column":32}},"loc":{"start":{"line":3,"column":39},"end":{"line":22,"column":1}},"line":3},"2":{"name":"(anonymous_2)","decl":{"start":{"line":3,"column":39},"end":{"line":3,"column":40}},"loc":{"start":{"line":3,"column":55},"end":{"line":22,"column":1}},"line":3}},"branchMap":{"0":{"loc":{"start":{"line":5,"column":2},"end":{"line":7,"column":3}},"type":"if","locations":[{"start":{"line":5,"column":2},"end":{"line":7,"column":3}},{"start":{"line":5,"column":2},"end":{"line":7,"column":3}}],"line":5},"1":{"loc":{"start":{"line":17,"column":33},"end":{"line":17,"column":67}},"type":"cond-expr","locations":[{"start":{"line":17,"column":45},"end":{"line":17,"column":62}},{"start":{"line":17,"column":65},"end":{"line":17,"column":67}}],"line":17}},"s":{"0":0,"1":0,"2":0,"3":0,"4":0,"5":0,"6":0,"7":0,"8":0,"9":0,"10":0,"11":0,"12":0,"13":0,"14":0},"f":{"0":0,"1":0,"2":0},"b":{"0":[0,0],"1":[0,0]},"hash":"9315351c2266eb74d337609a2ce14bee728ac89a"}
,"/Users/lucasgiuri/Desktop/beezy/app/store/index.js": {"path":"/Users/lucasgiuri/Desktop/beezy/app/store/index.js","statementMap":{"0":{"start":{"line":11,"column":20},"end":{"line":16,"column":2}},"1":{"start":{"line":18,"column":18},"end":{"line":20,"column":1}},"2":{"start":{"line":19,"column":2},"end":{"line":19,"column":115}}},"fnMap":{"0":{"name":"(anonymous_0)","decl":{"start":{"line":18,"column":18},"end":{"line":18,"column":19}},"loc":{"start":{"line":18,"column":36},"end":{"line":20,"column":1}},"line":18}},"branchMap":{},"s":{"0":0,"1":0,"2":0},"f":{"0":0},"b":{},"hash":"6aafce550dd2ae4c9429e8f0663a311a27b17f44"}
,"/Users/lucasgiuri/Desktop/beezy/app/store/operations.js": {"path":"/Users/lucasgiuri/Desktop/beezy/app/store/operations.js","statementMap":{},"fnMap":{},"branchMap":{},"s":{},"f":{},"b":{},"hash":"8a4e96af281ed22e558c922a022ff534ac2d35ce"}
[...]
,"column":5}},{"start":{"line":39,"column":4},"end":{"line":40,"column":18}}],"line":23},"4":{"loc":{"start":{"line":44,"column":20},"end":{"line":44,"column":29}},"type":"default-arg","locations":[{"start":{"line":44,"column":28},"end":{"line":44,"column":29}}],"line":44},"5":{"loc":{"start":{"line":45,"column":2},"end":{"line":52,"column":3}},"type":"switch","locations":[{"start":{"line":46,"column":4},"end":{"line":48,"column":5}},{"start":{"line":50,"column":4},"end":{"line":51,"column":18}}],"line":45},"6":{"loc":{"start":{"line":55,"column":18},"end":{"line":55,"column":28}},"type":"default-arg","locations":[{"start":{"line":55,"column":26},"end":{"line":55,"column":28}}],"line":55},"7":{"loc":{"start":{"line":56,"column":2},"end":{"line":63,"column":3}},"type":"switch","locations":[{"start":{"line":57,"column":4},"end":{"line":59,"column":5}},{"start":{"line":61,"column":4},"end":{"line":62,"column":18}}],"line":56},"8":{"loc":{"start":{"line":66,"column":14},"end":{"line":66,"column":24}},"type":"default-arg","locations":[{"start":{"line":66,"column":22},"end":{"line":66,"column":24}}],"line":66},"9":{"loc":{"start":{"line":67,"column":2},"end":{"line":74,"column":3}},"type":"switch","locations":[{"start":{"line":68,"column":4},"end":{"line":70,"column":5}},{"start":{"line":72,"column":4},"end":{"line":73,"column":18}}],"line":67},"10":{"loc":{"start":{"line":77,"column":19},"end":{"line":77,"column":32}},"type":"default-arg","locations":[{"start":{"line":77,"column":27},"end":{"line":77,"column":32}}],"line":77},"11":{"loc":{"start":{"line":78,"column":2},"end":{"line":91,"column":3}},"type":"switch","locations":[{"start":{"line":79,"column":4},"end":{"line":79,"column":29}},{"start":{"line":80,"column":4},"end":{"line":81,"column":17}},{"start":{"line":83,"column":4},"end":{"line":83,"column":31}},{"start":{"line":84,"column":4},"end":{"line":84,"column":28}},{"start":{"line":85,"column":4},"end":{"line":85,"column":33}},{"start":{"line":86,"column":4},"end":{"line":87,"column":18}},{"start":{"line":89,"column":4},"end":{"line":90,"column":18}}],"line":78}},"s":{"0":0,"1":0,"2":0,"3":0,"4":0,"5":0,"6":0,"7":0,"8":0,"9":0,"10":0,"11":0,"12":0,"13":0,"14":0,"15":0,"16":0,"17":0,"18":0,"19":0,"20":0,"21":0,"22":0,"23":0,"24":0,"25":0},"f":{"0":0,"1":0,"2":0,"3":0,"4":0,"5":0},"b":{"0":[0],"1":[0,0],"2":[0],"3":[0,0],"4":[0],"5":[0,0],"6":[0],"7":[0,0],"8":[0],"9":[0,0],"10":[0],"11":[0,0,0,0,0,0,0]},"hash":"5a245cbcb325ab9f1f594bbccf35bc0f35312290"}
,"/Users/lucasgiuri/Desktop/beezy/app/store/planets/selectors.js": {"path":"/Users/lucasgiuri/Desktop/beezy/app/store/planets/selectors.js","statementMap":{"0":{"start":{"line":1,"column":29},"end":{"line":1,"column":55}},"1":{"start":{"line":1,"column":42},"end":{"line":1,"column":55}},"2":{"start":{"line":2,"column":29},"end":{"line":2,"column":62}},"3":{"start":{"line":2,"column":42},"end":{"line":2,"column":62}},"4":{"start":{"line":3,"column":32},"end":{"line":3,"column":62}},"5":{"start":{"line":3,"column":45},"end":{"line":3,"column":62}},"6":{"start":{"line":4,"column":31},"end":{"line":4,"column":62}},"7":{"start":{"line":4,"column":44},"end":{"line":4,"column":62}},"8":{"start":{"line":5,"column":34},"end":{"line":5,"column":59}},"9":{"start":{"line":5,"column":47},"end":{"line":5,"column":59}},"10":{"start":{"line":6,"column":38},"end":{"line":6,"column":67}},"11":{"start":{"line":6,"column":51},"end":{"line":6,"column":67}}},"fnMap":{"0":{"name":"(anonymous_0)","decl":{"start":{"line":1,"column":29},"end":{"line":1,"column":30}},"loc":{"start":{"line":1,"column":42},"end":{"line":1,"column":55}},"line":1},"1":{"name":"(anonymous_1)","decl":{"start":{"line":2,"column":29},"end":{"line":2,"column":30}},"loc":{"start":{"line":2,"column":42},"end":{"line":2,"column":62}},"line":2},"2":{"name":"(anonymous_2)","decl":{"start":{"line":3,"column":32},"end":{"line":3,"column":33}},"loc":{"start":{"line":3,"column":45},"end":{"line":3,"column":62}},"line":3},"3":{"name":"(anonymous_3)","decl":{"start":{"line":4,"column":31},"end":{"line":4,"column":32}},"loc":{"start":{"line":4,"column":44},"end":{"line":4,"column":62}},"line":4},"4":{"name":"(anonymous_4)","decl":{"start":{"line":5,"column":34},"end":{"line":5,"column":35}},"loc":{"start":{"line":5,"column":47},"end":{"line":5,"column":59}},"line":5},"5":{"name":"(anonymous_5)","decl":{"start":{"line":6,"column":38},"end":{"line":6,"column":39}},"loc":{"start":{"line":6,"column":51},"end":{"line":6,"column":67}},"line":6}},"branchMap":{},"s":{"0":0,"1":0,"2":0,"3":0,"4":0,"5":0,"6":0,"7":0,"8":0,"9":0,"10":0,"11":0},"f":{"0":0,"1":0,"2":0,"3":0,"4":0,"5":0},"b":{},"hash":"2d6b4398c51709776784b4101fcf08bb7308d8ac"}
,"/Users/lucasgiuri/Desktop/beezy/app/store/planets/types.js": {"path":"/Users/lucasgiuri/Desktop/beezy/app/store/planets/types.js","statementMap":{"0":{"start":{"line":1,"column":29},"end":{"line":1,"column":44}},"1":{"start":{"line":2,"column":35},"end":{"line":2,"column":56}},"2":{"start":{"line":3,"column":37},"end":{"line":3,"column":60}},"3":{"start":{"line":4,"column":34},"end":{"line":4,"column":54}},"4":{"start":{"line":5,"column":31},"end":{"line":5,"column":48}},"5":{"start":{"line":6,"column":37},"end":{"line":6,"column":60}},"6":{"start":{"line":7,"column":39},"end":{"line":7,"column":64}},"7":{"start":{"line":8,"column":36},"end":{"line":8,"column":58}}},"fnMap":{},"branchMap":{},"s":{"0":0,"1":0,"2":0,"3":0,"4":0,"5":0,"6":0,"7":0},"f":{},"b":{},"hash":"fb15f55c7a0327454b57b53f306f5857bba2aab3"}
,"/Users/lucasgiuri/Desktop/beezy/app/store/vehicles/operations.js": {"path":"/Users/lucasgiuri/Desktop/beezy/app/store/vehicles/operations.js","statementMap":{"0":{"start":{"line":5,"column":29},"end":{"line":26,"column":1}},"1":{"start":{"line":6,"column":14},"end":{"line":6,"column":56}},"2":{"start":{"line":7,"column":2},"end":{"line":25,"column":3}},"3":{"start":{"line":8,"column":4},"end":{"line":24,"column":6}},"4":{"start":{"line":10,"column":12},"end":{"line":10,"column":15}},"5":{"start":{"line":12,"column":21},"end":{"line":12,"column":30}},"6":{"start":{"line":13,"column":25},"end":{"line":13,"column":38}},"7":{"start":{"line":14,"column":22},"end":{"line":14,"column":32}},"8":{"start":{"line":15,"column":25},"end":{"line":15,"column":37}},"9":{"start":{"line":17,"column":8},"end":{"line":22,"column":9}},"10":{"start":{"line":28,"column":30},"end":{"line":48,"column":1}},"11":{"start":{"line":29,"column":2},"end":{"line":47,"column":3}},"12":{"start":{"line":30,"column":4},"end":{"line":46,"column":6}},"13":{"start":{"line":32,"column":12},"end":{"line":32,"column":38}},"14":{"start":{"line":34,"column":21},"end":{"line":34,"column":30}},"15":{"start":{"line":35,"column":25},"end":{"line":35,"column":38}},"16":{"start":{"line":36,"column":22},"end":{"line":36,"column":32}},"17":{"start":{"line":37,"column":25},"end":{"line":37,"column":37}},"18":{"start":{"line":39,"column":8},"end":{"line":44,"column":9}},"19":{"start":{"line":50,"column":30},"end":{"line":80,"column":1}},"20":{"start":{"line":51,"column":2},"end":{"line":79,"column":3}},"21":{"start":{"line":52,"column":4},"end":{"line":78,"column":6}},"22":{"start":{"line":54,"column":12},"end":{"line":54,"column":26}},"23":{"start":{"line":56,"column":22},"end":{"line":56,"column":38}},"24":{"start":{"line":57,"column":21},"end":{"line":57,"column":39}},"25":{"start":{"line":58,"column":29},"end":{"line":58,"column":56}},"26":{"start":{"line":59,"column":24},"end":{"line":59,"column":53}},"27":{"start":{"line":60,"column":27},"end":{"line":60,"column":51}},"28":{"start":{"line":61,"column":22},"end":{"line":61,"column":58}},"29":{"start":{"line":62,"column":25},"end":{"line":62,"column":53}},"30":{"start":{"line":63,"column":22},"end":{"line":63,"column":41}},"31":{"start":{"line":64,"column":23},"end":{"line":64,"column":43}},"32":{"start":{"line":66,"column":8},"end":{"line":76,"column":9}}},"fnMap":{"0":{"name":"(anonymous_0)","decl":{"start":{"line":5,"column":29},"end":{"line":5,"column":30}},"loc":{"start":{"line":5,"column":38},"end":{"line":26,"column":1}},"line":5},"1":{"name":"(anonymous_1)","decl":{"start":{"line":7,"column":9},"end":{"line":7,"column":10}},"loc":{"start":{"line":7,"column":29},"end":{"line":25,"column":3}},"line":7},"2":{"name":"(anonymous_2)","decl":{"start":{"line":10,"column":6},"end":{"line":10,"column":7}},"loc":{"start":{"line":10,"column":12},"end":{"line":10,"column":15}},"line":10},"3":{"name":"(anonymous_3)","decl":{"start":{"line":11,"column":6},"end":{"line":11,"column":7}},"loc":{"start":{"line":11,"column":16},"end":{"line":23,"column":7}},"line":11},"4":{"name":"(anonymous_4)","decl":{"start":{"line":28,"column":30},"end":{"line":28,"column":31}},"loc":{"start":{"line":28,"column":40},"end":{"line":48,"column":1}},"line":28},"5":{"name":"(anonymous_5)","decl":{"start":{"line":29,"column":9},"end":{"line":29,"column":10}},"loc":{"start":{"line":29,"column":29},"end":{"line":47,"column":3}},"line":29},"6":{"name":"(anonymous_6)","decl":{"start":{"line":32,"column":6},"end":{"line":32,"column":7}},"loc":{"start":{"line":32,"column":12},"end":{"line":32,"column":38}},"line":32},"7":{"name":"(anonymous_7)","decl":{"start":{"line":33,"column":6},"end":{"line":33,"column":7}},"loc":{"start":{"line":33,"column":16},"end":{"line":45,"column":7}},"line":33},"8":{"name":"(anonymous_8)","decl":{"start":{"line":50,"column":30},"end":{"line":50,"column":31}},"loc":{"start":{"line":50,"column":38},"end":{"line":80,"column":1}},"line":50},"9":{"name":"(anonymous_9)","decl":{"start":{"line":51,"column":9},"end":{"line":51,"column":10}},"loc":{"start":{"line":51,"column":29},"end":{"line":79,"column":3}},"line":51},"10":{"name":"(anonymous_10)","decl":{"start":{"line":54,"column":6},"end":{"line":54,"column":7}},"loc":{"start":{"line":54,"column":12},"end":{"line":54,"column":26}},"line":54},"11":{"name":"(anonymous_11)","decl":{"start":{"line":55,"column":6},"end":{"line":55,"column":7}},"loc":{"start":{"line":55,"column":20},"end":{"line":77,"column":7}},"line":55}},"branchMap":{"0":{"loc":{"start":{"line":6,"column":14},"end":{"line":6,"column":56}},"type":"cond-expr","locations":[{"start":{"line":6,"column":20},"end":{"line":6,"column":38}},{"start":{"line":6,"column":41},"end":{"line":6,"column":56}}],"line":6}},"s":{"0":0,"1":0,"2":0,"3":0,"4":0,"5":0,"6":0,"7":0,"8":0,"9":0,"10":0,"11":0,"12":0,"13":0,"14":0,"15":0,"16":0,"17":0,"18":0,"19":0,"20":0,"21":0,"22":0,"23":0,"24":0,"25":0,"26":0,"27":0,"28":0,"29":0,"30":0,"31":0,"32":0},"f":{"0":0,"1":0,"2":0,"3":0,"4":0,"5":0,"6":0,"7":0,"8":0,"9":0,"10":0,"11":0},"b":{"0":[0,0]},"hash":"ddef91fbe3922ca7b410189476276dc97d565492"}
,"/Users/lucasgiuri/Desktop/beezy/app/store/vehicles/reducers.js": {"path":"/Users/lucasgiuri/Desktop/beezy/app/store/vehicles/reducers.js","statementMap":{"0":{"start":{"line":11,"column":14},"end":{"line":20,"column":1}},"1":{"start":{"line":12,"column":2},"end":{"line":19,"column":3}},"2":{"start":{"line":14,"column":6},"end":{"line":14,"column":28}},"3":{"start":{"line":18,"column":6},"end":{"line":18,"column":18}},"4":{"start":{"line":22,"column":21},"end":{"line":40,"column":1}},"5":{"start":{"line":23,"column":2},"end":{"line":39,"column":3}},"6":{"start":{"line":25,"column":6},"end":{"line":35,"column":7}},"7":{"start":{"line":38,"column":6},"end":{"line":38,"column":18}},"8":{"start":{"line":42,"column":19},"end":{"line":51,"column":1}},"9":{"start":{"line":43,"column":2},"end":{"line":50,"column":3}},"10":{"start":{"line":45,"column":6},"end":{"line":45,"column":25}},"11":{"start":{"line":49,"column":6},"end":{"line":49,"column":18}},"12":{"start":{"line":53,"column":17},"end":{"line":62,"column":1}},"13":{"start":{"line":54,"column":2},"end":{"line":61,"column":3}},"14":{"start":{"line":56,"column":6},"end":{"line":56,"column":28}},"15":{"start":{"line":60,"column":6},"end":{"line":60,"column":18}},"16":{"start":{"line":64,"column":13},"end":{"line":73,"column":1}},"17":{"start":{"line":65,"column":2},"end":{"line":72,"column":3}},"18":{"start":{"line":67,"column":6},"end":{"line":67,"column":24}},"19":{"start":{"line":71,"column":6},"end":{"line":71,"column":18}},"20":{"start":{"line":75,"column":18},"end":{"line":90,"column":1}},"21":{"start":{"line":76,"column":2},"end":{"line":89,"column":3}},"22":{"start":{"line":79,"column":6},"end":{"line":79,"column":17}},"23":{"start":{"line":85,"column":6},"end":{"line":85,"column":18}},"24":{"start":{"line":88,"column":6},"end":{"line":88,"column":18}},"25":{"start":{"line":92,"column":16},"end":{"line":99,"column":2}}},"fnMap":{"0":{"name":"(anonymous_0)","decl":{"start":{"line":11,"column":14},"end":{"line":11,"column":15}},"loc":{"start":{"line":11,"column":38},"end":{"line":20,"column":1}},"line":11},"1":{"name":"(anonymous_1)","decl":{"start":{"line":22,"column":21},"end":{"line":22,"column":22}},"loc":{"start":{"line":22,"column":45},"end":{"line":40,"column":1}},"line":22},"2":{"name":"(anonymous_2)","decl":{"start":{"line":42,"column":19},"end":{"line":42,"column":20}},"loc":{"start":{"line":42,"column":42},"end":{"line":51,"column":1}},"line":42},"3":{"name":"(anonymous_3)","decl":{"start":{"line":53,"column":17},"end":{"line":53,"column":18}},"loc":{"start":{"line":53,"column":41},"end":{"line":62,"column":1}},"line":53},"4":{"name":"(anonymous_4)","decl":{"start":{"line":64,"column":13},"end":{"line":64,"column":14}},"loc":{"start":{"line":64,"column":37},"end":{"line":73,"column":1}},"line":64},"5":{"name":"(anonymous_5)","decl":{"start":{"line":75,"column":18},"end":{"line":75,"column":19}},"loc":{"start":{"line":75,"column":45},"end":{"line":90,"column":1}},"line":75}},"branchMap":{"0":{"loc":{"start":{"line":11,"column":15},"end":{"line":11,"column":25}},"type":"default-arg","locations":[{"start":{"line":11,"column":23},"end":{"line":11,"column":25}}],"line":11},"1":{"loc":{"start":{"line":12,"column":2},"end":{"line":19,"column":3}},"type":"switch","locations":[{"start":{"line":13,"column":4},"end":{"line":15,"column":5}},{"start":{"line":17,"column":4},"end":{"line":18,"column":18}}],"line":12},"2":{"loc":{"start":{"line":22,"column":22},"end":{"line":22,"column":32}},"type":"default-arg","locations":[{"start":{"line":22,"column":30},"end":{"line":22,"column":32}}],"line":22},"3":{"loc":{"start":{"line":23,"column":2},"end":{"line":39,"column":3}},"type":"switch","locations":[{"start":{"line":24,"column":4},"end":{"line":36,"column":5}},{"start":{"line":37,"column":4},"end":{"line":38,"column":18}}],"line":23},"4":{"loc":{"start":{"line":42,"column":20},"end":{"line":42,"column":29}},"type":"default-arg","locations":[{"start":{"line":42,"column":28},"end":{"line":42,"column":29}}],"line":42},"5":{"loc":{"start":{"line":43,"column":2},"end":{"line":50,"column":3}},"type":"switch","locations":[{"start":{"line":44,"column":4},"end":{"line":46,"column":5}},{"start":{"line":48,"column":4},"end":{"line":49,"column":18}}],"line":43},"6":{"loc":{"start":{"line":53,"column":18},"end":{"line":53,"column":28}},"type":"default-arg","locations":[{"start":{"line":53,"column":26},"end":{"line":53,"column":28}}],"line":53},"7":{"loc":{"start":{"line":54,"column":2},"end":{"line":61,"column":3}},"type":"switch","locations":[{"start":{"line":55,"column":4},"end":{"line":57,"column":5}},{"start":{"line":59,"column":4},"end":{"line":60,"column":18}}],"line":54},"8":{"loc":{"start":{"line":64,"column":14},"end":{"line":64,"column":24}},"type":"default-arg","locations":[{"start":{"line":64,"column":22},"end":{"line":64,"column":24}}],"line":64},"9":{"loc":{"start":{"line":65,"column":2},"end":{"line":72,"column":3}},"type":"switch","locations":[{"start":{"line":66,"column":4},"end":{"line":68,"column":5}},{"start":{"line":70,"column":4},"end":{"line":71,"column":18}}],"line":65},"10":{"loc":{"start":{"line":75,"column":19},"end":{"line":75,"column":32}},"type":"default-arg","locations":[{"start":{"line":75,"column":27},"end":{"line":75,"column":32}}],"line":75},"11":{"loc":{"start":{"line":76,"column":2},"end":{"line":89,"column":3}},"type":"switch","locations":[{"start":{"line":77,"column":4},"end":{"line":77,"column":30}},{"start":{"line":78,"column":4},"end":{"line":79,"column":17}},{"start":{"line":81,"column":4},"end":{"line":81,"column":32}},{"start":{"line":82,"column":4},"end":{"line":82,"column":29}},{"start":{"line":83,"column":4},"end":{"line":83,"column":34}},{"start":{"line":84,"column":4},"end":{"line":85,"column":18}},{"start":{"line":87,"column":4},"end":{"line":88,"column":18}}],"line":76}},"s":{"0":0,"1":0,"2":0,"3":0,"4":0,"5":0,"6":0,"7":0,"8":0,"9":0,"10":0,"11":0,"12":0,"13":0,"14":0,"15":0,"16":0,"17":0,"18":0,"19":0,"20":0,"21":0,"22":0,"23":0,"24":0,"25":0},"f":{"0":0,"1":0,"2":0,"3":0,"4":0,"5":0},"b":{"0":[0],"1":[0,0],"2":[0],"3":[0,0],"4":[0],"5":[0,0],"6":[0],"7":[0,0],"8":[0],"9":[0,0],"10":[0],"11":[0,0,0,0,0,0,0]},"hash":"b30aa276d33665b26efe4a4444eda9a908170dc7"}
,"/Users/lucasgiuri/Desktop/beezy/app/store/vehicles/selectors.js": {"path":"/Users/lucasgiuri/Desktop/beezy/app/store/vehicles/selectors.js","statementMap":{"0":{"start":{"line":1,"column":30},"end":{"line":1,"column":58}},"1":{"start":{"line":1,"column":44},"end":{"line":1,"column":58}},"2":{"start":{"line":2,"column":30},"end":{"line":2,"column":65}},"3":{"start":{"line":2,"column":44},"end":{"line":2,"column":65}},"4":{"start":{"line":3,"column":33},"end":{"line":3,"column":65}},"5":{"start":{"line":3,"column":47},"end":{"line":3,"column":65}},"6":{"start":{"line":4,"column":32},"end":{"line":4,"column":65}},"7":{"start":{"line":4,"column":46},"end":{"line":4,"column":65}},"8":{"start":{"line":5,"column":35},"end":{"line":5,"column":62}},"9":{"start":{"line":5,"column":49},"end":{"line":5,"column":62}},"10":{"start":{"line":6,"column":39},"end":{"line":6,"column":70}},"11":{"start":{"line":6,"column":53},"end":{"line":6,"column":70}}},"fnMap":{"0":{"name":"(anonymous_0)","decl":{"start":{"line":1,"column":30},"end":{"line":1,"column":31}},"loc":{"start":{"line":1,"column":44},"end":{"line":1,"column":58}},"line":1},"1":{"name":"(anonymous_1)","decl":{"start":{"line":2,"column":30},"end":{"line":2,"column":31}},"loc":{"start":{"line":2,"column":44},"end":{"line":2,"column":65}},"line":2},"2":{"name":"(anonymous_2)","decl":{"start":{"line":3,"column":33},"end":{"line":3,"column":34}},"loc":{"start":{"line":3,"column":47},"end":{"line":3,"column":65}},"line":3},"3":{"name":"(anonymous_3)","decl":{"start":{"line":4,"column":32},"end":{"line":4,"column":33}},"loc":{"start":{"line":4,"column":46},"end":{"line":4,"column":65}},"line":4},"4":{"name":"(anonymous_4)","decl":{"start":{"line":5,"column":35},"end":{"line":5,"column":36}},"loc":{"start":{"line":5,"column":49},"end":{"line":5,"column":62}},"line":5},"5":{"name":"(anonymous_5)","decl":{"start":{"line":6,"column":39},"end":{"line":6,"column":40}},"loc":{"start":{"line":6,"column":53},"end":{"line":6,"column":70}},"line":6}},"branchMap":{},"s":{"0":0,"1":0,"2":0,"3":0,"4":0,"5":0,"6":0,"7":0,"8":0,"9":0,"10":0,"11":0},"f":{"0":0,"1":0,"2":0,"3":0,"4":0,"5":0},"b":{},"hash":"4f459884bfac91e0afe33ea317508a437caebb88"}
,"/Users/lucasgiuri/Desktop/beezy/app/store/vehicles/types.js": {"path":"/Users/lucasgiuri/Desktop/beezy/app/store/vehicles/types.js","statementMap":{"0":{"start":{"line":1,"column":30},"end":{"line":1,"column":46}},"1":{"start":{"line":2,"column":36},"end":{"line":2,"column":58}},"2":{"start":{"line":3,"column":38},"end":{"line":3,"column":62}},"3":{"start":{"line":4,"column":35},"end":{"line":4,"column":56}},"4":{"start":{"line":5,"column":32},"end":{"line":5,"column":50}},"5":{"start":{"line":6,"column":38},"end":{"line":6,"column":62}},"6":{"start":{"line":7,"column":40},"end":{"line":7,"column":66}},"7":{"start":{"line":8,"column":37},"end":{"line":8,"column":60}}},"fnMap":{},"branchMap":{},"s":{"0":0,"1":0,"2":0,"3":0,"4":0,"5":0,"6":0,"7":0},"f":{},"b":{},"hash":"c94bca0e2899433b47ba351f18c9c0e4d941e8a9"}
}
